Started GET "/" for 127.0.0.1 at 2020-07-10 16:00:51 -0500
  
ActiveRecord::NoDatabaseError (FATAL:  database "rails_react_development" does not exist
):
  
activerecord (6.0.3.2) lib/active_record/connection_adapters/postgresql_adapter.rb:50:in `rescue in postgresql_connection'
activerecord (6.0.3.2) lib/active_record/connection_adapters/postgresql_adapter.rb:33:in `postgresql_connection'
activerecord (6.0.3.2) lib/active_record/connection_adapters/abstract/connection_pool.rb:887:in `new_connection'
activerecord (6.0.3.2) lib/active_record/connection_adapters/abstract/connection_pool.rb:931:in `checkout_new_connection'
activerecord (6.0.3.2) lib/active_record/connection_adapters/abstract/connection_pool.rb:910:in `try_to_checkout_new_connection'
activerecord (6.0.3.2) lib/active_record/connection_adapters/abstract/connection_pool.rb:871:in `acquire_connection'
activerecord (6.0.3.2) lib/active_record/connection_adapters/abstract/connection_pool.rb:593:in `checkout'
activerecord (6.0.3.2) lib/active_record/connection_adapters/abstract/connection_pool.rb:437:in `connection'
activerecord (6.0.3.2) lib/active_record/connection_adapters/abstract/connection_pool.rb:1119:in `retrieve_connection'
activerecord (6.0.3.2) lib/active_record/connection_handling.rb:221:in `retrieve_connection'
activerecord (6.0.3.2) lib/active_record/connection_handling.rb:189:in `connection'
activerecord (6.0.3.2) lib/active_record/migration.rb:562:in `call'
actionpack (6.0.3.2) lib/action_dispatch/middleware/callbacks.rb:27:in `block in call'
activesupport (6.0.3.2) lib/active_support/callbacks.rb:101:in `run_callbacks'
actionpack (6.0.3.2) lib/action_dispatch/middleware/callbacks.rb:26:in `call'
actionpack (6.0.3.2) lib/action_dispatch/middleware/executor.rb:14:in `call'
actionpack (6.0.3.2) lib/action_dispatch/middleware/actionable_exceptions.rb:17:in `call'
actionpack (6.0.3.2) lib/action_dispatch/middleware/debug_exceptions.rb:32:in `call'
web-console (4.0.3) lib/web_console/middleware.rb:132:in `call_app'
web-console (4.0.3) lib/web_console/middleware.rb:28:in `block in call'
web-console (4.0.3) lib/web_console/middleware.rb:17:in `catch'
web-console (4.0.3) lib/web_console/middleware.rb:17:in `call'
actionpack (6.0.3.2) lib/action_dispatch/middleware/show_exceptions.rb:33:in `call'
railties (6.0.3.2) lib/rails/rack/logger.rb:37:in `call_app'
railties (6.0.3.2) lib/rails/rack/logger.rb:26:in `block in call'
activesupport (6.0.3.2) lib/active_support/tagged_logging.rb:80:in `block in tagged'
activesupport (6.0.3.2) lib/active_support/tagged_logging.rb:28:in `tagged'
activesupport (6.0.3.2) lib/active_support/tagged_logging.rb:80:in `tagged'
railties (6.0.3.2) lib/rails/rack/logger.rb:26:in `call'
sprockets-rails (3.2.1) lib/sprockets/rails/quiet_assets.rb:13:in `call'
actionpack (6.0.3.2) lib/action_dispatch/middleware/remote_ip.rb:81:in `call'
actionpack (6.0.3.2) lib/action_dispatch/middleware/request_id.rb:27:in `call'
rack (2.2.3) lib/rack/method_override.rb:24:in `call'
rack (2.2.3) lib/rack/runtime.rb:22:in `call'
activesupport (6.0.3.2) lib/active_support/cache/strategy/local_cache_middleware.rb:29:in `call'
actionpack (6.0.3.2) lib/action_dispatch/middleware/executor.rb:14:in `call'
actionpack (6.0.3.2) lib/action_dispatch/middleware/static.rb:126:in `call'
rack (2.2.3) lib/rack/sendfile.rb:110:in `call'
actionpack (6.0.3.2) lib/action_dispatch/middleware/host_authorization.rb:82:in `call'
webpacker (4.2.2) lib/webpacker/dev_server_proxy.rb:23:in `perform_request'
rack-proxy (0.6.5) lib/rack/proxy.rb:57:in `call'
railties (6.0.3.2) lib/rails/engine.rb:527:in `call'
puma (4.3.5) lib/puma/configuration.rb:228:in `call'
puma (4.3.5) lib/puma/server.rb:713:in `handle_request'
puma (4.3.5) lib/puma/server.rb:472:in `process_client'
puma (4.3.5) lib/puma/server.rb:328:in `block in run'
puma (4.3.5) lib/puma/thread_pool.rb:134:in `block in spawn_thread'
  [1m[35m (1771.6ms)[0m  [1m[35mCREATE DATABASE "rails_react_development" ENCODING = 'unicode'[0m
  [1m[35m (799.1ms)[0m  [1m[35mCREATE DATABASE "rails_react_test" ENCODING = 'unicode'[0m
Started GET "/" for 127.0.0.1 at 2020-07-10 16:01:40 -0500
Processing by Rails::WelcomeController#index as HTML
  Rendering /Library/Ruby/Gems/2.6.0/gems/railties-6.0.3.2/lib/rails/templates/rails/welcome/index.html.erb
  Rendered /Library/Ruby/Gems/2.6.0/gems/railties-6.0.3.2/lib/rails/templates/rails/welcome/index.html.erb (Duration: 22.0ms | Allocations: 316)
Completed 200 OK in 51ms (Views: 27.1ms | ActiveRecord: 0.0ms | Allocations: 1765)


Started GET "/" for 127.0.0.1 at 2020-07-10 16:04:12 -0500
Processing by PagesController#index as HTML
  Rendering pages/index.html.erb within layouts/application
  Rendered pages/index.html.erb within layouts/application (Duration: 1.5ms | Allocations: 205)
[Webpacker] Compiling...
[Webpacker] Compiled all packs in /Users/phil/Desktop/rails_react/public/packs
[Webpacker] Hash: 60bef1f1c94bdd392cf0
Version: webpack 4.43.0
Time: 14953ms
Built at: 07/10/2020 4:04:32 PM
                                     Asset       Size       Chunks                         Chunk Names
    js/application-9afcbb5693aa87623e69.js    124 KiB  application  [emitted] [immutable]  application
js/application-9afcbb5693aa87623e69.js.map    139 KiB  application  [emitted] [dev]        application
    js/hello_react-4378f8d2a56bbb10fbf2.js   1.05 MiB  hello_react  [emitted] [immutable]  hello_react
js/hello_react-4378f8d2a56bbb10fbf2.js.map   1.21 MiB  hello_react  [emitted] [dev]        hello_react
                             manifest.json  703 bytes               [emitted]              
Entrypoint application = js/application-9afcbb5693aa87623e69.js js/application-9afcbb5693aa87623e69.js.map
Entrypoint hello_react = js/hello_react-4378f8d2a56bbb10fbf2.js js/hello_react-4378f8d2a56bbb10fbf2.js.map
[./app/javascript/channels sync recursive _channel\.js$] ./app/javascript/channels sync _channel\.js$ 160 bytes {application} [built]
[./app/javascript/channels/index.js] 211 bytes {application} [built]
[./app/javascript/packs/application.js] 749 bytes {application} [built]
[./app/javascript/packs/hello_react.jsx] 1.06 KiB {hello_react} [built]
[./node_modules/webpack/buildin/module.js] (webpack)/buildin/module.js 552 bytes {application} [built]
    + 18 hidden modules

Completed 200 OK in 20688ms (Views: 20660.0ms | ActiveRecord: 0.0ms | Allocations: 19410)


  [1m[35m (227.1ms)[0m  [1m[35mCREATE TABLE "schema_migrations" ("version" character varying NOT NULL PRIMARY KEY)[0m
  [1m[35m (27.0ms)[0m  [1m[35mCREATE TABLE "ar_internal_metadata" ("key" character varying NOT NULL PRIMARY KEY, "value" character varying, "created_at" timestamp(6) NOT NULL, "updated_at" timestamp(6) NOT NULL)[0m
  [1m[35m (1.3ms)[0m  [1m[34mSELECT pg_try_advisory_lock(1910206048743585600)[0m
  [1m[35m (1.1ms)[0m  [1m[34mSELECT "schema_migrations"."version" FROM "schema_migrations" ORDER BY "schema_migrations"."version" ASC[0m
Migrating to CreateProducts (20200710212013)
  [1m[35m (11.9ms)[0m  [1m[35mBEGIN[0m
  [1m[35m (98.9ms)[0m  [1m[35mCREATE TABLE "products" ("id" bigserial primary key, "name" character varying, "upc" character varying, "available_on" timestamp, "created_at" timestamp(6) NOT NULL, "updated_at" timestamp(6) NOT NULL)[0m
  [1m[36mprimary::SchemaMigration Create (20.0ms)[0m  [1m[32mINSERT INTO "schema_migrations" ("version") VALUES ($1) RETURNING "version"[0m  [["version", "20200710212013"]]
  [1m[35m (0.9ms)[0m  [1m[35mCOMMIT[0m
Migrating to CreateProperties (20200710212025)
  [1m[35m (66.8ms)[0m  [1m[35mBEGIN[0m
  [1m[35m (49.6ms)[0m  [1m[35mCREATE TABLE "properties" ("id" bigserial primary key, "name" character varying, "created_at" timestamp(6) NOT NULL, "updated_at" timestamp(6) NOT NULL)[0m
  [1m[36mprimary::SchemaMigration Create (68.9ms)[0m  [1m[32mINSERT INTO "schema_migrations" ("version") VALUES ($1) RETURNING "version"[0m  [["version", "20200710212025"]]
  [1m[35m (0.8ms)[0m  [1m[35mCOMMIT[0m
Migrating to CreateProductProperties (20200710212035)
  [1m[35m (16.1ms)[0m  [1m[35mBEGIN[0m
  [1m[35m (47.4ms)[0m  [1m[35mCREATE TABLE "product_properties" ("id" bigserial primary key, "value" character varying, "created_at" timestamp(6) NOT NULL, "updated_at" timestamp(6) NOT NULL)[0m
  [1m[36mprimary::SchemaMigration Create (0.6ms)[0m  [1m[32mINSERT INTO "schema_migrations" ("version") VALUES ($1) RETURNING "version"[0m  [["version", "20200710212035"]]
  [1m[35m (19.3ms)[0m  [1m[35mCOMMIT[0m
Migrating to AddProductRefToProductProperties (20200710212111)
  [1m[35m (47.1ms)[0m  [1m[35mBEGIN[0m
  [1m[36mprimary::SchemaMigration Create (19.1ms)[0m  [1m[32mINSERT INTO "schema_migrations" ("version") VALUES ($1) RETURNING "version"[0m  [["version", "20200710212111"]]
  [1m[35m (0.9ms)[0m  [1m[35mCOMMIT[0m
Migrating to AddPropertiesRefToProductProperties (20200710212129)
  [1m[35m (46.0ms)[0m  [1m[35mBEGIN[0m
  [1m[36mprimary::SchemaMigration Create (18.1ms)[0m  [1m[32mINSERT INTO "schema_migrations" ("version") VALUES ($1) RETURNING "version"[0m  [["version", "20200710212129"]]
  [1m[35m (1.1ms)[0m  [1m[35mCOMMIT[0m
  [1m[36mActiveRecord::InternalMetadata Load (0.7ms)[0m  [1m[34mSELECT "ar_internal_metadata".* FROM "ar_internal_metadata" WHERE "ar_internal_metadata"."key" = $1 LIMIT $2[0m  [["key", "environment"], ["LIMIT", 1]]
  [1m[35m (13.7ms)[0m  [1m[35mBEGIN[0m
  [1m[36mActiveRecord::InternalMetadata Create (2.0ms)[0m  [1m[32mINSERT INTO "ar_internal_metadata" ("key", "value", "created_at", "updated_at") VALUES ($1, $2, $3, $4) RETURNING "key"[0m  [["key", "environment"], ["value", "development"], ["created_at", "2020-07-10 21:22:08.244157"], ["updated_at", "2020-07-10 21:22:08.244157"]]
  [1m[35m (16.9ms)[0m  [1m[35mCOMMIT[0m
  [1m[35m (0.6ms)[0m  [1m[34mSELECT pg_advisory_unlock(1910206048743585600)[0m
  [1m[35m (7.6ms)[0m  [1m[34mSELECT "schema_migrations"."version" FROM "schema_migrations" ORDER BY "schema_migrations"."version" ASC[0m
  [1m[35m (0.5ms)[0m  [1m[34mSELECT pg_try_advisory_lock(1910206048743585600)[0m
  [1m[35m (19.5ms)[0m  [1m[34mSELECT "schema_migrations"."version" FROM "schema_migrations" ORDER BY "schema_migrations"."version" ASC[0m
  [1m[36mActiveRecord::InternalMetadata Load (0.9ms)[0m  [1m[34mSELECT "ar_internal_metadata".* FROM "ar_internal_metadata" WHERE "ar_internal_metadata"."key" = $1 LIMIT $2[0m  [["key", "environment"], ["LIMIT", 1]]
  [1m[35m (16.4ms)[0m  [1m[34mSELECT pg_advisory_unlock(1910206048743585600)[0m
  [1m[35m (1.6ms)[0m  [1m[34mSELECT "schema_migrations"."version" FROM "schema_migrations" ORDER BY "schema_migrations"."version" ASC[0m
Started GET "/" for 127.0.0.1 at 2020-07-10 16:34:32 -0500
  [1m[35m (26.6ms)[0m  [1m[34mSELECT "schema_migrations"."version" FROM "schema_migrations" ORDER BY "schema_migrations"."version" ASC[0m
Processing by PagesController#index as HTML
  Rendering pages/index.html.erb within layouts/application
  Rendered pages/index.html.erb within layouts/application (Duration: 1.0ms | Allocations: 199)
[Webpacker] Compiling...
[Webpacker] Compiled all packs in /Users/phil/Desktop/rails_react/public/packs
[Webpacker] Hash: 48aa502620c03c837708
Version: webpack 4.43.0
Time: 15245ms
Built at: 07/10/2020 4:34:51 PM
                                     Asset       Size       Chunks                         Chunk Names
          js/Index-8ade47156e0322056fb1.js   2.59 MiB        Index  [emitted] [immutable]  Index
      js/Index-8ade47156e0322056fb1.js.map   2.85 MiB        Index  [emitted] [dev]        Index
    js/application-9afcbb5693aa87623e69.js    124 KiB  application  [emitted] [immutable]  application
js/application-9afcbb5693aa87623e69.js.map    139 KiB  application  [emitted] [dev]        application
                             manifest.json  661 bytes               [emitted]              
Entrypoint application = js/application-9afcbb5693aa87623e69.js js/application-9afcbb5693aa87623e69.js.map
Entrypoint Index = js/Index-8ade47156e0322056fb1.js js/Index-8ade47156e0322056fb1.js.map
[./app/javascript/channels sync recursive _channel\.js$] ./app/javascript/channels sync _channel\.js$ 160 bytes {application} [built]
[./app/javascript/channels/index.js] 211 bytes {application} [built]
[./app/javascript/packs/Index.jsx] 876 bytes {Index} [built]
[./app/javascript/packs/application.js] 749 bytes {application} [built]
[./app/javascript/routes/Index.jsx] 981 bytes {Index} [built]
[./node_modules/webpack/buildin/global.js] (webpack)/buildin/global.js 905 bytes {Index} [built]
[./node_modules/webpack/buildin/module.js] (webpack)/buildin/module.js 552 bytes {application} {Index} [built]
    + 48 hidden modules

[Webpacker] Everything's up-to-date. Nothing to do
Completed 200 OK in 18954ms (Views: 18931.1ms | ActiveRecord: 0.0ms | Allocations: 28244)


Started POST "/send_data" for 127.0.0.1 at 2020-07-10 16:35:40 -0500
Processing by SendDataController#save as */*
  Parameters: {"name"=>"macbook pro", "upc"=>"1234567890", "availableOn"=>"07/22/2020", "properties"=>[{"name"=>"brand", "value"=>"apple"}, {"name"=>"color", "value"=>"Space grey"}], "send_datum"=>{"name"=>"macbook pro", "upc"=>"1234567890", "availableOn"=>"07/22/2020", "properties"=>[{"name"=>"brand", "value"=>"apple"}, {"name"=>"color", "value"=>"Space grey"}]}}
Can't verify CSRF token authenticity.
  [1m[35m (18.3ms)[0m  [1m[35mBEGIN[0m
  ↳ app/controllers/send_data_controller.rb:10:in `block in save'
  [1m[36mProduct Exists? (2.2ms)[0m  [1m[34mSELECT 1 AS one FROM "products" WHERE "products"."name" = $1 LIMIT $2[0m  [["name", "macbook pro"], ["LIMIT", 1]]
  ↳ app/controllers/send_data_controller.rb:10:in `block in save'
  [1m[36mProduct Exists? (0.5ms)[0m  [1m[34mSELECT 1 AS one FROM "products" WHERE "products"."upc" = $1 LIMIT $2[0m  [["upc", "1234567890"], ["LIMIT", 1]]
  ↳ app/controllers/send_data_controller.rb:10:in `block in save'
  [1m[35m (0.4ms)[0m  [1m[31mROLLBACK[0m
  ↳ app/controllers/send_data_controller.rb:9:in `save'
Completed 422 Unprocessable Entity in 143ms (ActiveRecord: 51.3ms | Allocations: 15707)


  
ActiveRecord::RecordInvalid (Validation failed: Available on can't be blank):
  
app/controllers/send_data_controller.rb:10:in `block in save'
app/controllers/send_data_controller.rb:9:in `save'
Started POST "/send_data" for 127.0.0.1 at 2020-07-10 16:36:22 -0500
Processing by SendDataController#save as */*
  Parameters: {"name"=>"macbook pro", "upc"=>"456745674567", "availableOn"=>"07/22/2020", "properties"=>[{"name"=>"brand", "value"=>"apple"}, {"name"=>"color", "value"=>"Space grey"}], "send_datum"=>{"name"=>"macbook pro", "upc"=>"456745674567", "availableOn"=>"07/22/2020", "properties"=>[{"name"=>"brand", "value"=>"apple"}, {"name"=>"color", "value"=>"Space grey"}]}}
Can't verify CSRF token authenticity.
  [1m[35m (0.4ms)[0m  [1m[35mBEGIN[0m
  ↳ app/controllers/send_data_controller.rb:10:in `block in save'
  [1m[36mProduct Exists? (23.8ms)[0m  [1m[34mSELECT 1 AS one FROM "products" WHERE "products"."name" = $1 LIMIT $2[0m  [["name", "macbook pro"], ["LIMIT", 1]]
  ↳ app/controllers/send_data_controller.rb:10:in `block in save'
  [1m[36mProduct Exists? (0.5ms)[0m  [1m[34mSELECT 1 AS one FROM "products" WHERE "products"."upc" = $1 LIMIT $2[0m  [["upc", "456745674567"], ["LIMIT", 1]]
  ↳ app/controllers/send_data_controller.rb:10:in `block in save'
  [1m[35m (0.3ms)[0m  [1m[31mROLLBACK[0m
  ↳ app/controllers/send_data_controller.rb:9:in `save'
Completed 422 Unprocessable Entity in 46ms (ActiveRecord: 25.1ms | Allocations: 5236)


  
ActiveRecord::RecordInvalid (Validation failed: Available on can't be blank):
  
app/controllers/send_data_controller.rb:10:in `block in save'
app/controllers/send_data_controller.rb:9:in `save'
Started GET "/" for 127.0.0.1 at 2020-07-10 16:37:25 -0500
Processing by PagesController#index as HTML
  Rendering pages/index.html.erb within layouts/application
  Rendered pages/index.html.erb within layouts/application (Duration: 0.2ms | Allocations: 4)
[Webpacker] Everything's up-to-date. Nothing to do
[Webpacker] Everything's up-to-date. Nothing to do
Completed 200 OK in 23ms (Views: 21.5ms | ActiveRecord: 0.0ms | Allocations: 6399)


Started GET "/" for 127.0.0.1 at 2020-07-10 16:37:48 -0500
Processing by PagesController#index as HTML
  Rendering pages/index.html.erb within layouts/application
  Rendered pages/index.html.erb within layouts/application (Duration: 0.1ms | Allocations: 4)
[Webpacker] Everything's up-to-date. Nothing to do
[Webpacker] Everything's up-to-date. Nothing to do
Completed 200 OK in 23ms (Views: 21.3ms | ActiveRecord: 0.0ms | Allocations: 6250)


Started POST "/send_data" for 127.0.0.1 at 2020-07-10 16:38:39 -0500
Processing by SendDataController#save as */*
  Parameters: {"name"=>"macbook Pro", "upc"=>"234789234789", "availableOn"=>"07/22/2020", "properties"=>[{"name"=>"brand ", "value"=>"apple"}, {"name"=>"color", "value"=>"space grey"}], "send_datum"=>{"name"=>"macbook Pro", "upc"=>"234789234789", "availableOn"=>"07/22/2020", "properties"=>[{"name"=>"brand ", "value"=>"apple"}, {"name"=>"color", "value"=>"space grey"}]}}
Can't verify CSRF token authenticity.
  [1m[35m (0.3ms)[0m  [1m[35mBEGIN[0m
  ↳ app/controllers/send_data_controller.rb:10:in `block in save'
  [1m[36mProduct Exists? (0.5ms)[0m  [1m[34mSELECT 1 AS one FROM "products" WHERE "products"."name" = $1 LIMIT $2[0m  [["name", "macbook Pro"], ["LIMIT", 1]]
  ↳ app/controllers/send_data_controller.rb:10:in `block in save'
  [1m[36mProduct Exists? (0.5ms)[0m  [1m[34mSELECT 1 AS one FROM "products" WHERE "products"."upc" = $1 LIMIT $2[0m  [["upc", "234789234789"], ["LIMIT", 1]]
  ↳ app/controllers/send_data_controller.rb:10:in `block in save'
  [1m[35m (0.3ms)[0m  [1m[31mROLLBACK[0m
  ↳ app/controllers/send_data_controller.rb:9:in `save'
Completed 422 Unprocessable Entity in 58ms (ActiveRecord: 32.9ms | Allocations: 11117)


  
ActiveRecord::RecordInvalid (Validation failed: Available on can't be blank):
  
app/controllers/send_data_controller.rb:10:in `block in save'
app/controllers/send_data_controller.rb:9:in `save'
Started POST "/send_data" for 127.0.0.1 at 2020-07-10 16:40:22 -0500
Processing by SendDataController#save as */*
  Parameters: {"name"=>"macbook Pro", "upc"=>"234789234789", "availableOn"=>"07/22/2020", "properties"=>[{"name"=>"brand ", "value"=>"apple"}, {"name"=>"color", "value"=>"space grey"}], "send_datum"=>{"name"=>"macbook Pro", "upc"=>"234789234789", "availableOn"=>"07/22/2020", "properties"=>[{"name"=>"brand ", "value"=>"apple"}, {"name"=>"color", "value"=>"space grey"}]}}
Can't verify CSRF token authenticity.
  [1m[35m (0.9ms)[0m  [1m[35mBEGIN[0m
  ↳ app/controllers/send_data_controller.rb:10:in `block in save'
  [1m[36mProduct Exists? (1.2ms)[0m  [1m[34mSELECT 1 AS one FROM "products" WHERE "products"."name" = $1 LIMIT $2[0m  [["name", "macbook Pro"], ["LIMIT", 1]]
  ↳ app/controllers/send_data_controller.rb:10:in `block in save'
  [1m[36mProduct Exists? (24.9ms)[0m  [1m[34mSELECT 1 AS one FROM "products" WHERE "products"."upc" = $1 LIMIT $2[0m  [["upc", "234789234789"], ["LIMIT", 1]]
  ↳ app/controllers/send_data_controller.rb:10:in `block in save'
  [1m[35m (0.3ms)[0m  [1m[31mROLLBACK[0m
  ↳ app/controllers/send_data_controller.rb:9:in `save'
Completed 422 Unprocessable Entity in 39ms (ActiveRecord: 27.3ms | Allocations: 5153)


  
ActiveRecord::RecordInvalid (Validation failed: Available on can't be blank):
  
app/controllers/send_data_controller.rb:10:in `block in save'
app/controllers/send_data_controller.rb:9:in `save'
Started POST "/send_data" for 127.0.0.1 at 2020-07-10 16:40:35 -0500
Processing by SendDataController#save as */*
  Parameters: {"name"=>"macbook Pro", "upc"=>"234789234789", "availableOn"=>"09/22/2020", "properties"=>[{"name"=>"brand ", "value"=>"apple"}, {"name"=>"color", "value"=>"space grey"}], "send_datum"=>{"name"=>"macbook Pro", "upc"=>"234789234789", "availableOn"=>"09/22/2020", "properties"=>[{"name"=>"brand ", "value"=>"apple"}, {"name"=>"color", "value"=>"space grey"}]}}
Can't verify CSRF token authenticity.
  [1m[35m (1.2ms)[0m  [1m[35mBEGIN[0m
  ↳ app/controllers/send_data_controller.rb:10:in `block in save'
  [1m[36mProduct Exists? (1.0ms)[0m  [1m[34mSELECT 1 AS one FROM "products" WHERE "products"."name" = $1 LIMIT $2[0m  [["name", "macbook Pro"], ["LIMIT", 1]]
  ↳ app/controllers/send_data_controller.rb:10:in `block in save'
  [1m[36mProduct Exists? (25.9ms)[0m  [1m[34mSELECT 1 AS one FROM "products" WHERE "products"."upc" = $1 LIMIT $2[0m  [["upc", "234789234789"], ["LIMIT", 1]]
  ↳ app/controllers/send_data_controller.rb:10:in `block in save'
  [1m[35m (0.3ms)[0m  [1m[31mROLLBACK[0m
  ↳ app/controllers/send_data_controller.rb:9:in `save'
Completed 422 Unprocessable Entity in 44ms (ActiveRecord: 28.4ms | Allocations: 5149)


  
ActiveRecord::RecordInvalid (Validation failed: Available on can't be blank):
  
app/controllers/send_data_controller.rb:10:in `block in save'
app/controllers/send_data_controller.rb:9:in `save'
Started POST "/send_data" for 127.0.0.1 at 2020-07-10 16:40:41 -0500
Processing by SendDataController#save as */*
  Parameters: {"name"=>"macbook Pro", "upc"=>"234789234789", "availableOn"=>"09/22/2020", "properties"=>[{"name"=>"brand ", "value"=>"apple"}, {"name"=>"color", "value"=>"space grey"}], "send_datum"=>{"name"=>"macbook Pro", "upc"=>"234789234789", "availableOn"=>"09/22/2020", "properties"=>[{"name"=>"brand ", "value"=>"apple"}, {"name"=>"color", "value"=>"space grey"}]}}
Can't verify CSRF token authenticity.
  [1m[35m (0.3ms)[0m  [1m[35mBEGIN[0m
  ↳ app/controllers/send_data_controller.rb:10:in `block in save'
  [1m[36mProduct Exists? (0.8ms)[0m  [1m[34mSELECT 1 AS one FROM "products" WHERE "products"."name" = $1 LIMIT $2[0m  [["name", "macbook Pro"], ["LIMIT", 1]]
  ↳ app/controllers/send_data_controller.rb:10:in `block in save'
  [1m[36mProduct Exists? (0.5ms)[0m  [1m[34mSELECT 1 AS one FROM "products" WHERE "products"."upc" = $1 LIMIT $2[0m  [["upc", "234789234789"], ["LIMIT", 1]]
  ↳ app/controllers/send_data_controller.rb:10:in `block in save'
  [1m[35m (0.3ms)[0m  [1m[31mROLLBACK[0m
  ↳ app/controllers/send_data_controller.rb:9:in `save'
Completed 422 Unprocessable Entity in 12ms (ActiveRecord: 1.9ms | Allocations: 5169)


  
ActiveRecord::RecordInvalid (Validation failed: Available on can't be blank):
  
app/controllers/send_data_controller.rb:10:in `block in save'
app/controllers/send_data_controller.rb:9:in `save'
Started GET "/" for 127.0.0.1 at 2020-07-10 16:42:08 -0500
Processing by PagesController#index as HTML
  Rendering pages/index.html.erb within layouts/application
  Rendered pages/index.html.erb within layouts/application (Duration: 0.1ms | Allocations: 4)
[Webpacker] Everything's up-to-date. Nothing to do
[Webpacker] Everything's up-to-date. Nothing to do
Completed 200 OK in 42ms (Views: 39.5ms | ActiveRecord: 0.0ms | Allocations: 6370)


Started GET "/" for 127.0.0.1 at 2020-07-10 16:42:32 -0500
  [1m[35m (24.3ms)[0m  [1m[34mSELECT "schema_migrations"."version" FROM "schema_migrations" ORDER BY "schema_migrations"."version" ASC[0m
Processing by PagesController#index as HTML
  Rendering pages/index.html.erb within layouts/application
  Rendered pages/index.html.erb within layouts/application (Duration: 2.5ms | Allocations: 199)
[Webpacker] Everything's up-to-date. Nothing to do
[Webpacker] Everything's up-to-date. Nothing to do
Completed 200 OK in 65ms (Views: 46.0ms | ActiveRecord: 0.0ms | Allocations: 11270)


Started POST "/send_data" for 127.0.0.1 at 2020-07-10 16:43:16 -0500
Processing by SendDataController#save as */*
  Parameters: {"name"=>"macbook pro", "upc"=>"12345678901", "availableOn"=>"11/4/2020", "properties"=>[{"name"=>"brand", "value"=>"apple"}, {"name"=>"color", "value"=>"space grey"}], "send_datum"=>{"name"=>"macbook pro", "upc"=>"12345678901", "availableOn"=>"11/4/2020", "properties"=>[{"name"=>"brand", "value"=>"apple"}, {"name"=>"color", "value"=>"space grey"}]}}
Can't verify CSRF token authenticity.
  [1m[35m (11.0ms)[0m  [1m[35mBEGIN[0m
  ↳ app/controllers/send_data_controller.rb:10:in `block in save'
  [1m[36mProduct Exists? (1.3ms)[0m  [1m[34mSELECT 1 AS one FROM "products" WHERE "products"."name" = $1 LIMIT $2[0m  [["name", "macbook pro"], ["LIMIT", 1]]
  ↳ app/controllers/send_data_controller.rb:10:in `block in save'
  [1m[36mProduct Exists? (1.1ms)[0m  [1m[34mSELECT 1 AS one FROM "products" WHERE "products"."upc" = $1 LIMIT $2[0m  [["upc", "12345678901"], ["LIMIT", 1]]
  ↳ app/controllers/send_data_controller.rb:10:in `block in save'
  [1m[35m (2.6ms)[0m  [1m[31mROLLBACK[0m
  ↳ app/controllers/send_data_controller.rb:9:in `save'
Completed 422 Unprocessable Entity in 96ms (ActiveRecord: 32.6ms | Allocations: 13162)


  
ActiveRecord::RecordInvalid (Validation failed: Upc {:one=>"is the wrong length (should be 1 character)", :other=>"is the wrong length (should be %{count} characters)"}, Available on can't be in the past):
  
app/controllers/send_data_controller.rb:10:in `block in save'
app/controllers/send_data_controller.rb:9:in `save'
Started POST "/send_data" for 127.0.0.1 at 2020-07-10 16:43:40 -0500
Processing by SendDataController#save as */*
  Parameters: {"name"=>"macbook pro", "upc"=>"1234567890", "availableOn"=>"11/4/2020", "properties"=>[{"name"=>"brand", "value"=>"apple"}, {"name"=>"color", "value"=>"space grey"}], "send_datum"=>{"name"=>"macbook pro", "upc"=>"1234567890", "availableOn"=>"11/4/2020", "properties"=>[{"name"=>"brand", "value"=>"apple"}, {"name"=>"color", "value"=>"space grey"}]}}
Can't verify CSRF token authenticity.
  [1m[35m (2.2ms)[0m  [1m[35mBEGIN[0m
  ↳ app/controllers/send_data_controller.rb:10:in `block in save'
  [1m[36mProduct Exists? (2.5ms)[0m  [1m[34mSELECT 1 AS one FROM "products" WHERE "products"."name" = $1 LIMIT $2[0m  [["name", "macbook pro"], ["LIMIT", 1]]
  ↳ app/controllers/send_data_controller.rb:10:in `block in save'
  [1m[36mProduct Exists? (1.5ms)[0m  [1m[34mSELECT 1 AS one FROM "products" WHERE "products"."upc" = $1 LIMIT $2[0m  [["upc", "1234567890"], ["LIMIT", 1]]
  ↳ app/controllers/send_data_controller.rb:10:in `block in save'
  [1m[35m (2.0ms)[0m  [1m[31mROLLBACK[0m
  ↳ app/controllers/send_data_controller.rb:9:in `save'
Completed 422 Unprocessable Entity in 18ms (ActiveRecord: 8.2ms | Allocations: 4542)


  
ActiveRecord::RecordInvalid (Validation failed: Available on can't be in the past):
  
app/controllers/send_data_controller.rb:10:in `block in save'
app/controllers/send_data_controller.rb:9:in `save'
Started GET "/" for 127.0.0.1 at 2020-07-10 16:51:33 -0500
  [1m[35m (1.4ms)[0m  [1m[34mSELECT "schema_migrations"."version" FROM "schema_migrations" ORDER BY "schema_migrations"."version" ASC[0m
Processing by PagesController#index as HTML
  Rendering pages/index.html.erb within layouts/application
  Rendered pages/index.html.erb within layouts/application (Duration: 2.3ms | Allocations: 199)
[Webpacker] Everything's up-to-date. Nothing to do
[Webpacker] Everything's up-to-date. Nothing to do
Completed 200 OK in 76ms (Views: 56.3ms | ActiveRecord: 0.0ms | Allocations: 11275)


Started POST "/send_data" for 127.0.0.1 at 2020-07-10 16:52:32 -0500
Processing by SendDataController#save as */*
  Parameters: {"name"=>"macbook pro", "upc"=>"1234567890", "availableOn"=>"11/4/2020", "properties"=>[{"name"=>"brand", "value"=>"apple"}, {"name"=>"color", "value"=>"space grey"}], "send_datum"=>{"name"=>"macbook pro", "upc"=>"1234567890", "availableOn"=>"11/4/2020", "properties"=>[{"name"=>"brand", "value"=>"apple"}, {"name"=>"color", "value"=>"space grey"}]}}
Can't verify CSRF token authenticity.
  [1m[35m (22.0ms)[0m  [1m[35mBEGIN[0m
  ↳ app/controllers/send_data_controller.rb:10:in `block in save'
  [1m[36mProduct Exists? (1.0ms)[0m  [1m[34mSELECT 1 AS one FROM "products" WHERE "products"."name" = $1 LIMIT $2[0m  [["name", "macbook pro"], ["LIMIT", 1]]
  ↳ app/controllers/send_data_controller.rb:10:in `block in save'
  [1m[36mProduct Exists? (0.5ms)[0m  [1m[34mSELECT 1 AS one FROM "products" WHERE "products"."upc" = $1 LIMIT $2[0m  [["upc", "1234567890"], ["LIMIT", 1]]
  ↳ app/controllers/send_data_controller.rb:10:in `block in save'
  [1m[35m (0.3ms)[0m  [1m[31mROLLBACK[0m
  ↳ app/controllers/send_data_controller.rb:9:in `save'
Completed 422 Unprocessable Entity in 111ms (ActiveRecord: 54.8ms | Allocations: 12740)


  
ActiveRecord::RecordInvalid (Validation failed: Available on can't be in the past):
  
app/controllers/send_data_controller.rb:10:in `block in save'
app/controllers/send_data_controller.rb:9:in `save'
Started GET "/" for 127.0.0.1 at 2020-07-10 16:54:48 -0500
  [1m[35m (2.0ms)[0m  [1m[34mSELECT "schema_migrations"."version" FROM "schema_migrations" ORDER BY "schema_migrations"."version" ASC[0m
Processing by PagesController#index as HTML
  Rendering pages/index.html.erb within layouts/application
  Rendered pages/index.html.erb within layouts/application (Duration: 1.8ms | Allocations: 199)
[Webpacker] Everything's up-to-date. Nothing to do
[Webpacker] Everything's up-to-date. Nothing to do
Completed 200 OK in 70ms (Views: 50.8ms | ActiveRecord: 0.0ms | Allocations: 11275)


Started GET "/" for 127.0.0.1 at 2020-07-10 17:01:04 -0500
  [1m[35m (1.5ms)[0m  [1m[34mSELECT "schema_migrations"."version" FROM "schema_migrations" ORDER BY "schema_migrations"."version" ASC[0m
Processing by PagesController#index as HTML
  Rendering pages/index.html.erb within layouts/application
  Rendered pages/index.html.erb within layouts/application (Duration: 1.1ms | Allocations: 199)
[Webpacker] Everything's up-to-date. Nothing to do
[Webpacker] Everything's up-to-date. Nothing to do
Completed 200 OK in 68ms (Views: 43.3ms | ActiveRecord: 0.0ms | Allocations: 11269)


Started POST "/send_data" for 127.0.0.1 at 2020-07-10 17:01:50 -0500
Processing by SendDataController#save as */*
  Parameters: {"name"=>"macbook pro", "upc"=>"1234567890", "availableOn"=>"11/4/2021", "properties"=>[{"name"=>"brand ", "value"=>"apple"}, {"name"=>"color", "value"=>"space grey"}], "send_datum"=>{"name"=>"macbook pro", "upc"=>"1234567890", "availableOn"=>"11/4/2021", "properties"=>[{"name"=>"brand ", "value"=>"apple"}, {"name"=>"color", "value"=>"space grey"}]}}
Can't verify CSRF token authenticity.
  [1m[35m (15.9ms)[0m  [1m[35mBEGIN[0m
  ↳ app/controllers/send_data_controller.rb:10:in `block in save'
  [1m[36mProduct Exists? (1.2ms)[0m  [1m[34mSELECT 1 AS one FROM "products" WHERE "products"."name" = $1 LIMIT $2[0m  [["name", "macbook pro"], ["LIMIT", 1]]
  ↳ app/controllers/send_data_controller.rb:10:in `block in save'
  [1m[36mProduct Exists? (1.2ms)[0m  [1m[34mSELECT 1 AS one FROM "products" WHERE "products"."upc" = $1 LIMIT $2[0m  [["upc", "1234567890"], ["LIMIT", 1]]
  ↳ app/controllers/send_data_controller.rb:10:in `block in save'
  [1m[35m (0.3ms)[0m  [1m[31mROLLBACK[0m
  ↳ app/controllers/send_data_controller.rb:9:in `save'
Completed 422 Unprocessable Entity in 106ms (ActiveRecord: 43.8ms | Allocations: 12719)


  
ActiveRecord::RecordInvalid (Validation failed: Available on can't be in the past):
  
app/controllers/send_data_controller.rb:10:in `block in save'
app/controllers/send_data_controller.rb:9:in `save'
Started GET "/" for 127.0.0.1 at 2020-07-10 17:03:14 -0500
  [1m[35m (1.9ms)[0m  [1m[34mSELECT "schema_migrations"."version" FROM "schema_migrations" ORDER BY "schema_migrations"."version" ASC[0m
Processing by PagesController#index as HTML
  Rendering pages/index.html.erb within layouts/application
  Rendered pages/index.html.erb within layouts/application (Duration: 2.5ms | Allocations: 199)
[Webpacker] Everything's up-to-date. Nothing to do
[Webpacker] Everything's up-to-date. Nothing to do
Completed 200 OK in 68ms (Views: 52.5ms | ActiveRecord: 0.0ms | Allocations: 11269)


Started POST "/send_data" for 127.0.0.1 at 2020-07-10 17:03:48 -0500
Processing by SendDataController#save as */*
  Parameters: {"name"=>"macbook pro", "upc"=>"1234567890", "availableOn"=>"11/4/2020", "properties"=>[{"name"=>"brand ", "value"=>"apple"}, {"name"=>"color", "value"=>"space grey"}], "send_datum"=>{"name"=>"macbook pro", "upc"=>"1234567890", "availableOn"=>"11/4/2020", "properties"=>[{"name"=>"brand ", "value"=>"apple"}, {"name"=>"color", "value"=>"space grey"}]}}
Can't verify CSRF token authenticity.
  [1m[35m (19.8ms)[0m  [1m[35mBEGIN[0m
  ↳ app/controllers/send_data_controller.rb:10:in `block in save'
  [1m[36mProduct Exists? (2.1ms)[0m  [1m[34mSELECT 1 AS one FROM "products" WHERE "products"."name" = $1 LIMIT $2[0m  [["name", "macbook pro"], ["LIMIT", 1]]
  ↳ app/controllers/send_data_controller.rb:10:in `block in save'
  [1m[36mProduct Exists? (0.5ms)[0m  [1m[34mSELECT 1 AS one FROM "products" WHERE "products"."upc" = $1 LIMIT $2[0m  [["upc", "1234567890"], ["LIMIT", 1]]
  ↳ app/controllers/send_data_controller.rb:10:in `block in save'
  [1m[36mProduct Create (3.2ms)[0m  [1m[32mINSERT INTO "products" ("name", "upc", "available_on", "created_at", "updated_at") VALUES ($1, $2, $3, $4, $5) RETURNING "id"[0m  [["name", "macbook pro"], ["upc", "1234567890"], ["available_on", "2020-04-11 00:00:00"], ["created_at", "2020-07-10 22:03:48.892967"], ["updated_at", "2020-07-10 22:03:48.892967"]]
  ↳ app/controllers/send_data_controller.rb:10:in `block in save'
  [1m[35m (0.3ms)[0m  [1m[31mROLLBACK[0m
  ↳ app/controllers/send_data_controller.rb:9:in `save'
Completed 500 Internal Server Error in 207ms (ActiveRecord: 95.3ms | Allocations: 24287)


  
ActiveModel::UnknownAttributeError (unknown attribute 'product_id' for ProductProperty.):
  
app/controllers/send_data_controller.rb:13:in `block in save'
app/controllers/send_data_controller.rb:9:in `save'
Started GET "/" for 127.0.0.1 at 2020-07-10 17:07:07 -0500
  [1m[35m (27.1ms)[0m  [1m[34mSELECT "schema_migrations"."version" FROM "schema_migrations" ORDER BY "schema_migrations"."version" ASC[0m
Processing by PagesController#index as HTML
  Rendering pages/index.html.erb within layouts/application
  Rendered pages/index.html.erb within layouts/application (Duration: 2.5ms | Allocations: 199)
[Webpacker] Everything's up-to-date. Nothing to do
[Webpacker] Everything's up-to-date. Nothing to do
Completed 200 OK in 72ms (Views: 54.8ms | ActiveRecord: 0.0ms | Allocations: 11267)


Started POST "/send_data" for 127.0.0.1 at 2020-07-10 17:07:34 -0500
Processing by SendDataController#save as */*
  Parameters: {"name"=>"macbook pro", "upc"=>"1234567890", "availableOn"=>"11/4/2020", "properties"=>[{"name"=>"brand", "value"=>"apple"}, {"name"=>"color", "value"=>"space grey"}], "send_datum"=>{"name"=>"macbook pro", "upc"=>"1234567890", "availableOn"=>"11/4/2020", "properties"=>[{"name"=>"brand", "value"=>"apple"}, {"name"=>"color", "value"=>"space grey"}]}}
Can't verify CSRF token authenticity.
  [1m[35m (0.2ms)[0m  [1m[35mBEGIN[0m
  ↳ app/controllers/send_data_controller.rb:10:in `block in save'
  [1m[36mProduct Exists? (1.5ms)[0m  [1m[34mSELECT 1 AS one FROM "products" WHERE "products"."name" = $1 LIMIT $2[0m  [["name", "macbook pro"], ["LIMIT", 1]]
  ↳ app/controllers/send_data_controller.rb:10:in `block in save'
  [1m[36mProduct Exists? (0.9ms)[0m  [1m[34mSELECT 1 AS one FROM "products" WHERE "products"."upc" = $1 LIMIT $2[0m  [["upc", "1234567890"], ["LIMIT", 1]]
  ↳ app/controllers/send_data_controller.rb:10:in `block in save'
  [1m[36mProduct Create (1.1ms)[0m  [1m[32mINSERT INTO "products" ("name", "upc", "available_on", "created_at", "updated_at") VALUES ($1, $2, $3, $4, $5) RETURNING "id"[0m  [["name", "macbook pro"], ["upc", "1234567890"], ["available_on", "2020-04-11 00:00:00"], ["created_at", "2020-07-10 22:07:34.251811"], ["updated_at", "2020-07-10 22:07:34.251811"]]
  ↳ app/controllers/send_data_controller.rb:10:in `block in save'
  [1m[36mProperty Exists? (2.7ms)[0m  [1m[34mSELECT 1 AS one FROM "properties" WHERE "properties"."name" IS NULL LIMIT $1[0m  [["LIMIT", 1]]
  ↳ app/controllers/send_data_controller.rb:13:in `block in save'
  [1m[35m (0.4ms)[0m  [1m[31mROLLBACK[0m
  ↳ app/controllers/send_data_controller.rb:9:in `save'
Completed 422 Unprocessable Entity in 135ms (ActiveRecord: 62.2ms | Allocations: 19023)


  
ActiveRecord::RecordInvalid (Validation failed: Name can't be blank):
  
app/controllers/send_data_controller.rb:13:in `block in save'
app/controllers/send_data_controller.rb:9:in `save'
Started GET "/" for ::1 at 2020-07-13 10:40:09 -0500
  [1m[35m (3.4ms)[0m  [1m[34mSELECT "schema_migrations"."version" FROM "schema_migrations" ORDER BY "schema_migrations"."version" ASC[0m
Processing by PagesController#index as HTML
  Rendering pages/index.html.erb within layouts/application
  Rendered pages/index.html.erb within layouts/application (Duration: 2.5ms | Allocations: 199)
[Webpacker] Everything's up-to-date. Nothing to do
[Webpacker] Everything's up-to-date. Nothing to do
Completed 200 OK in 131ms (Views: 102.2ms | ActiveRecord: 0.0ms | Allocations: 11617)


Started POST "/send_data" for ::1 at 2020-07-13 10:41:02 -0500
Processing by SendDataController#save as */*
  Parameters: {"name"=>"macbook pro", "upc"=>"1234567890", "availableOn"=>"11/4/2020", "properties"=>[{"name"=>"brand", "value"=>"apple"}, {"name"=>"color", "value"=>"space grey"}], "send_datum"=>{"name"=>"macbook pro", "upc"=>"1234567890", "availableOn"=>"11/4/2020", "properties"=>[{"name"=>"brand", "value"=>"apple"}, {"name"=>"color", "value"=>"space grey"}]}}
Can't verify CSRF token authenticity.
  [1m[35m (0.2ms)[0m  [1m[35mBEGIN[0m
  ↳ app/controllers/send_data_controller.rb:10:in `block in save'
  [1m[36mProduct Exists? (3.9ms)[0m  [1m[34mSELECT 1 AS one FROM "products" WHERE "products"."name" = $1 LIMIT $2[0m  [["name", "macbook pro"], ["LIMIT", 1]]
  ↳ app/controllers/send_data_controller.rb:10:in `block in save'
  [1m[36mProduct Exists? (0.9ms)[0m  [1m[34mSELECT 1 AS one FROM "products" WHERE "products"."upc" = $1 LIMIT $2[0m  [["upc", "1234567890"], ["LIMIT", 1]]
  ↳ app/controllers/send_data_controller.rb:10:in `block in save'
  [1m[36mProduct Create (5.1ms)[0m  [1m[32mINSERT INTO "products" ("name", "upc", "available_on", "created_at", "updated_at") VALUES ($1, $2, $3, $4, $5) RETURNING "id"[0m  [["name", "macbook pro"], ["upc", "1234567890"], ["available_on", "2020-04-11 00:00:00"], ["created_at", "2020-07-13 15:41:03.045081"], ["updated_at", "2020-07-13 15:41:03.045081"]]
  ↳ app/controllers/send_data_controller.rb:10:in `block in save'
  [1m[36mProperty Exists? (2.9ms)[0m  [1m[34mSELECT 1 AS one FROM "properties" WHERE "properties"."name" IS NULL LIMIT $1[0m  [["LIMIT", 1]]
  ↳ app/controllers/send_data_controller.rb:13:in `block in save'
  [1m[35m (0.8ms)[0m  [1m[31mROLLBACK[0m
  ↳ app/controllers/send_data_controller.rb:9:in `save'
Completed 422 Unprocessable Entity in 94ms (ActiveRecord: 29.4ms | Allocations: 19037)


  
ActiveRecord::RecordInvalid (Validation failed: Name can't be blank):
  
app/controllers/send_data_controller.rb:13:in `block in save'
app/controllers/send_data_controller.rb:9:in `save'
Started GET "/" for ::1 at 2020-07-13 10:47:32 -0500
Processing by PagesController#index as HTML
  Rendering pages/index.html.erb within layouts/application
  Rendered pages/index.html.erb within layouts/application (Duration: 0.1ms | Allocations: 5)
[Webpacker] Everything's up-to-date. Nothing to do
[Webpacker] Everything's up-to-date. Nothing to do
Completed 200 OK in 27ms (Views: 26.0ms | ActiveRecord: 0.0ms | Allocations: 6409)


Started POST "/send_data" for ::1 at 2020-07-13 10:48:03 -0500
Processing by SendDataController#save as */*
  Parameters: {"name"=>"macbook pro", "upc"=>"1234567890", "availableOn"=>"11/4/2020", "properties"=>[{"name"=>"brand", "value"=>"apple"}, {"name"=>"color", "value"=>"space grey"}], "send_datum"=>{"name"=>"macbook pro", "upc"=>"1234567890", "availableOn"=>"11/4/2020", "properties"=>[{"name"=>"brand", "value"=>"apple"}, {"name"=>"color", "value"=>"space grey"}]}}
Can't verify CSRF token authenticity.
  [1m[35m (0.3ms)[0m  [1m[35mBEGIN[0m
  ↳ app/controllers/send_data_controller.rb:10:in `block in save'
  [1m[36mProduct Exists? (1.3ms)[0m  [1m[34mSELECT 1 AS one FROM "products" WHERE "products"."name" = $1 LIMIT $2[0m  [["name", "macbook pro"], ["LIMIT", 1]]
  ↳ app/controllers/send_data_controller.rb:10:in `block in save'
  [1m[36mProduct Exists? (0.4ms)[0m  [1m[34mSELECT 1 AS one FROM "products" WHERE "products"."upc" = $1 LIMIT $2[0m  [["upc", "1234567890"], ["LIMIT", 1]]
  ↳ app/controllers/send_data_controller.rb:10:in `block in save'
  [1m[36mProduct Create (0.7ms)[0m  [1m[32mINSERT INTO "products" ("name", "upc", "available_on", "created_at", "updated_at") VALUES ($1, $2, $3, $4, $5) RETURNING "id"[0m  [["name", "macbook pro"], ["upc", "1234567890"], ["available_on", "2020-04-11 00:00:00"], ["created_at", "2020-07-13 15:48:03.861335"], ["updated_at", "2020-07-13 15:48:03.861335"]]
  ↳ app/controllers/send_data_controller.rb:10:in `block in save'
  [1m[35m (0.3ms)[0m  [1m[31mROLLBACK[0m
  ↳ app/controllers/send_data_controller.rb:9:in `save'
Completed 500 Internal Server Error in 70ms (ActiveRecord: 12.5ms | Allocations: 19983)


  
ActiveModel::UnknownAttributeError (unknown attribute 'product_id' for ProductProperty.):
  
app/controllers/send_data_controller.rb:13:in `block in save'
app/controllers/send_data_controller.rb:9:in `save'
Started GET "/" for ::1 at 2020-07-13 10:49:04 -0500
Processing by PagesController#index as HTML
  Rendering pages/index.html.erb within layouts/application
  Rendered pages/index.html.erb within layouts/application (Duration: 0.1ms | Allocations: 4)
[Webpacker] Everything's up-to-date. Nothing to do
[Webpacker] Everything's up-to-date. Nothing to do
Completed 200 OK in 20ms (Views: 19.2ms | ActiveRecord: 0.0ms | Allocations: 6369)


Started POST "/send_data" for ::1 at 2020-07-13 10:50:59 -0500
  
SyntaxError (/Users/phil/Desktop/rails_react/app/controllers/send_data_controller.rb:26: syntax error, unexpected ']', expecting '}'
...ibutes: [{value: hash['value']]
...                              ^):
  
app/controllers/send_data_controller.rb:26: syntax error, unexpected ']', expecting '}'
app/controllers/send_data_controller.rb:26: syntax error, unexpected ']', expecting '}'
app/controllers/send_data_controller.rb:26: syntax error, unexpected ']', expecting '}'
Started GET "/" for ::1 at 2020-07-13 10:51:42 -0500
Processing by PagesController#index as HTML
  Rendering pages/index.html.erb within layouts/application
  Rendered pages/index.html.erb within layouts/application (Duration: 0.1ms | Allocations: 4)
[Webpacker] Everything's up-to-date. Nothing to do
[Webpacker] Everything's up-to-date. Nothing to do
Completed 200 OK in 19ms (Views: 17.6ms | ActiveRecord: 0.0ms | Allocations: 6370)


Started POST "/send_data" for ::1 at 2020-07-13 10:52:35 -0500
Processing by SendDataController#save as */*
  Parameters: {"name"=>"macbook pro", "upc"=>"1234567890", "availableOn"=>"11/4/2020", "properties"=>[{"name"=>"brand", "value"=>"apple"}, {"name"=>"color", "value"=>"space grey"}], "send_datum"=>{"name"=>"macbook pro", "upc"=>"1234567890", "availableOn"=>"11/4/2020", "properties"=>[{"name"=>"brand", "value"=>"apple"}, {"name"=>"color", "value"=>"space grey"}]}}
Can't verify CSRF token authenticity.
  [1m[35m (0.2ms)[0m  [1m[35mBEGIN[0m
  ↳ app/controllers/send_data_controller.rb:10:in `block in save'
  [1m[36mProduct Exists? (2.2ms)[0m  [1m[34mSELECT 1 AS one FROM "products" WHERE "products"."name" = $1 LIMIT $2[0m  [["name", "macbook pro"], ["LIMIT", 1]]
  ↳ app/controllers/send_data_controller.rb:10:in `block in save'
  [1m[36mProduct Exists? (0.8ms)[0m  [1m[34mSELECT 1 AS one FROM "products" WHERE "products"."upc" = $1 LIMIT $2[0m  [["upc", "1234567890"], ["LIMIT", 1]]
  ↳ app/controllers/send_data_controller.rb:10:in `block in save'
  [1m[36mProduct Create (0.4ms)[0m  [1m[32mINSERT INTO "products" ("name", "upc", "available_on", "created_at", "updated_at") VALUES ($1, $2, $3, $4, $5) RETURNING "id"[0m  [["name", "macbook pro"], ["upc", "1234567890"], ["available_on", "2020-04-11 00:00:00"], ["created_at", "2020-07-13 15:52:35.802904"], ["updated_at", "2020-07-13 15:52:35.802904"]]
  ↳ app/controllers/send_data_controller.rb:10:in `block in save'
  [1m[35m (0.3ms)[0m  [1m[31mROLLBACK[0m
  ↳ app/controllers/send_data_controller.rb:9:in `save'
Completed 500 Internal Server Error in 81ms (ActiveRecord: 23.4ms | Allocations: 20138)


  
ActiveModel::UnknownAttributeError (unknown attribute 'property_id' for ProductProperty.):
  
app/controllers/send_data_controller.rb:13:in `block in save'
app/controllers/send_data_controller.rb:9:in `save'
Started GET "/" for ::1 at 2020-07-13 10:54:08 -0500
  [1m[35m (0.9ms)[0m  [1m[34mSELECT "schema_migrations"."version" FROM "schema_migrations" ORDER BY "schema_migrations"."version" ASC[0m
Processing by PagesController#index as HTML
  Rendering pages/index.html.erb within layouts/application
  Rendered pages/index.html.erb within layouts/application (Duration: 2.3ms | Allocations: 199)
[Webpacker] Everything's up-to-date. Nothing to do
[Webpacker] Everything's up-to-date. Nothing to do
Completed 200 OK in 68ms (Views: 52.8ms | ActiveRecord: 0.0ms | Allocations: 11267)


Started POST "/send_data" for ::1 at 2020-07-13 10:54:40 -0500
Processing by SendDataController#save as */*
  Parameters: {"name"=>"macbook pro", "upc"=>"1234567890", "availableOn"=>"11/4/2020", "properties"=>[{"name"=>"brand", "value"=>"apple"}, {"name"=>"color", "value"=>"space grey"}], "send_datum"=>{"name"=>"macbook pro", "upc"=>"1234567890", "availableOn"=>"11/4/2020", "properties"=>[{"name"=>"brand", "value"=>"apple"}, {"name"=>"color", "value"=>"space grey"}]}}
Can't verify CSRF token authenticity.
  [1m[35m (0.3ms)[0m  [1m[35mBEGIN[0m
  ↳ app/controllers/send_data_controller.rb:10:in `block in save'
  [1m[36mProduct Exists? (1.1ms)[0m  [1m[34mSELECT 1 AS one FROM "products" WHERE "products"."name" = $1 LIMIT $2[0m  [["name", "macbook pro"], ["LIMIT", 1]]
  ↳ app/controllers/send_data_controller.rb:10:in `block in save'
  [1m[36mProduct Exists? (0.4ms)[0m  [1m[34mSELECT 1 AS one FROM "products" WHERE "products"."upc" = $1 LIMIT $2[0m  [["upc", "1234567890"], ["LIMIT", 1]]
  ↳ app/controllers/send_data_controller.rb:10:in `block in save'
  [1m[36mProduct Create (0.8ms)[0m  [1m[32mINSERT INTO "products" ("name", "upc", "available_on", "created_at", "updated_at") VALUES ($1, $2, $3, $4, $5) RETURNING "id"[0m  [["name", "macbook pro"], ["upc", "1234567890"], ["available_on", "2020-04-11 00:00:00"], ["created_at", "2020-07-13 15:54:40.748072"], ["updated_at", "2020-07-13 15:54:40.748072"]]
  ↳ app/controllers/send_data_controller.rb:10:in `block in save'
  [1m[35m (0.4ms)[0m  [1m[31mROLLBACK[0m
  ↳ app/controllers/send_data_controller.rb:9:in `save'
Completed 500 Internal Server Error in 65ms (ActiveRecord: 15.8ms | Allocations: 22256)


  
ActiveModel::UnknownAttributeError (unknown attribute 'property_id' for ProductProperty.):
  
app/controllers/send_data_controller.rb:13:in `block in save'
app/controllers/send_data_controller.rb:9:in `save'
Started GET "/get_data" for ::1 at 2020-07-13 10:59:51 -0500
Processing by GetDataController#pull as */*
  Parameters: {"get_datum"=>{}}
  [1m[36mProduct Load (4.2ms)[0m  [1m[34mSELECT "products".* FROM "products" INNER JOIN "product_properties" ON "product_properties"."product_id" = "products"."id" INNER JOIN "properties" ON "properties"."id" = "product_properties"."property_id" INNER JOIN "product_properties" "product_properties_products" ON "product_properties_products"."product_id" = "products"."id"[0m
  ↳ app/controllers/get_data_controller.rb:4:in `map'
Completed 500 Internal Server Error in 42ms (ActiveRecord: 4.2ms | Allocations: 5477)


  
ActiveRecord::StatementInvalid (PG::UndefinedColumn: ERROR:  column product_properties.product_id does not exist
LINE 1: ...ROM "products" INNER JOIN "product_properties" ON "product_p...
                                                             ^
):
  
app/controllers/get_data_controller.rb:4:in `map'
app/controllers/get_data_controller.rb:4:in `pull'
Started GET "/" for ::1 at 2020-07-13 11:02:45 -0500
  [1m[35m (1.2ms)[0m  [1m[34mSELECT "schema_migrations"."version" FROM "schema_migrations" ORDER BY "schema_migrations"."version" ASC[0m
Processing by PagesController#index as HTML
  Rendering pages/index.html.erb within layouts/application
  Rendered pages/index.html.erb within layouts/application (Duration: 2.7ms | Allocations: 199)
[Webpacker] Everything's up-to-date. Nothing to do
[Webpacker] Everything's up-to-date. Nothing to do
Completed 200 OK in 126ms (Views: 107.4ms | ActiveRecord: 0.0ms | Allocations: 11271)


Started POST "/send_data" for ::1 at 2020-07-13 11:03:22 -0500
Processing by SendDataController#save as */*
  Parameters: {"name"=>"macbook pro", "upc"=>"1234567890", "availableOn"=>"11/4/2020", "properties"=>[{"name"=>"brand ", "value"=>"apple"}, {"name"=>"color", "value"=>"space grey"}], "send_datum"=>{"name"=>"macbook pro", "upc"=>"1234567890", "availableOn"=>"11/4/2020", "properties"=>[{"name"=>"brand ", "value"=>"apple"}, {"name"=>"color", "value"=>"space grey"}]}}
Can't verify CSRF token authenticity.
  [1m[35m (0.3ms)[0m  [1m[35mBEGIN[0m
  ↳ app/controllers/send_data_controller.rb:10:in `block in save'
  [1m[36mProduct Exists? (0.8ms)[0m  [1m[34mSELECT 1 AS one FROM "products" WHERE "products"."name" = $1 LIMIT $2[0m  [["name", "macbook pro"], ["LIMIT", 1]]
  ↳ app/controllers/send_data_controller.rb:10:in `block in save'
  [1m[36mProduct Exists? (0.4ms)[0m  [1m[34mSELECT 1 AS one FROM "products" WHERE "products"."upc" = $1 LIMIT $2[0m  [["upc", "1234567890"], ["LIMIT", 1]]
  ↳ app/controllers/send_data_controller.rb:10:in `block in save'
  [1m[36mProduct Create (1.0ms)[0m  [1m[32mINSERT INTO "products" ("name", "upc", "available_on", "created_at", "updated_at") VALUES ($1, $2, $3, $4, $5) RETURNING "id"[0m  [["name", "macbook pro"], ["upc", "1234567890"], ["available_on", "2020-04-11 00:00:00"], ["created_at", "2020-07-13 16:03:22.875610"], ["updated_at", "2020-07-13 16:03:22.875610"]]
  ↳ app/controllers/send_data_controller.rb:10:in `block in save'
  [1m[35m (0.4ms)[0m  [1m[31mROLLBACK[0m
  ↳ app/controllers/send_data_controller.rb:9:in `save'
Completed 500 Internal Server Error in 66ms (ActiveRecord: 12.7ms | Allocations: 16405)


  
ActiveModel::UnknownAttributeError (unknown attribute 'value' for Property.):
  
app/controllers/send_data_controller.rb:13:in `block in save'
app/controllers/send_data_controller.rb:9:in `save'
Started GET "/" for ::1 at 2020-07-13 14:14:59 -0500
  [1m[35m (2.6ms)[0m  [1m[34mSELECT "schema_migrations"."version" FROM "schema_migrations" ORDER BY "schema_migrations"."version" ASC[0m
Processing by PagesController#index as HTML
  Rendering pages/index.html.erb within layouts/application
  Rendered pages/index.html.erb within layouts/application (Duration: 1.8ms | Allocations: 199)
[Webpacker] Everything's up-to-date. Nothing to do
[Webpacker] Everything's up-to-date. Nothing to do
Completed 200 OK in 76ms (Views: 59.6ms | ActiveRecord: 0.0ms | Allocations: 11657)


Started POST "/send_data" for ::1 at 2020-07-13 14:15:33 -0500
Processing by SendDataController#save as */*
  Parameters: {"name"=>"macbook pro", "upc"=>"1234567890", "availableOn"=>"11/4/2020", "properties"=>[{"name"=>"brand", "value"=>"apple"}, {"name"=>"color", "value"=>"space grey"}], "send_datum"=>{"name"=>"macbook pro", "upc"=>"1234567890", "availableOn"=>"11/4/2020", "properties"=>[{"name"=>"brand", "value"=>"apple"}, {"name"=>"color", "value"=>"space grey"}]}}
Can't verify CSRF token authenticity.
  [1m[35m (12.0ms)[0m  [1m[35mBEGIN[0m
  ↳ app/controllers/send_data_controller.rb:9:in `block in save'
  [1m[36mProduct Exists? (1.4ms)[0m  [1m[34mSELECT 1 AS one FROM "products" WHERE "products"."name" = $1 LIMIT $2[0m  [["name", "macbook pro"], ["LIMIT", 1]]
  ↳ app/controllers/send_data_controller.rb:9:in `block in save'
  [1m[36mProduct Exists? (0.4ms)[0m  [1m[34mSELECT 1 AS one FROM "products" WHERE "products"."upc" = $1 LIMIT $2[0m  [["upc", "1234567890"], ["LIMIT", 1]]
  ↳ app/controllers/send_data_controller.rb:9:in `block in save'
  [1m[36mProduct Create (1.8ms)[0m  [1m[32mINSERT INTO "products" ("name", "upc", "available_on", "created_at", "updated_at") VALUES ($1, $2, $3, $4, $5) RETURNING "id"[0m  [["name", "macbook pro"], ["upc", "1234567890"], ["available_on", "2020-04-11 00:00:00"], ["created_at", "2020-07-13 19:15:33.707242"], ["updated_at", "2020-07-13 19:15:33.707242"]]
  ↳ app/controllers/send_data_controller.rb:9:in `block in save'
  [1m[35m (21.1ms)[0m  [1m[31mROLLBACK[0m
  ↳ app/controllers/send_data_controller.rb:8:in `save'
Completed 500 Internal Server Error in 142ms (ActiveRecord: 76.5ms | Allocations: 16386)


  
ActiveModel::UnknownAttributeError (unknown attribute 'value' for Property.):
  
app/controllers/send_data_controller.rb:12:in `block in save'
app/controllers/send_data_controller.rb:8:in `save'
Started GET "/" for ::1 at 2020-07-13 14:17:11 -0500
Processing by PagesController#index as HTML
  Rendering pages/index.html.erb within layouts/application
  Rendered pages/index.html.erb within layouts/application (Duration: 0.1ms | Allocations: 4)
[Webpacker] Everything's up-to-date. Nothing to do
[Webpacker] Everything's up-to-date. Nothing to do
Completed 200 OK in 19ms (Views: 17.7ms | ActiveRecord: 0.0ms | Allocations: 6407)


Started GET "/" for ::1 at 2020-07-13 14:17:30 -0500
  [1m[35m (1.7ms)[0m  [1m[34mSELECT "schema_migrations"."version" FROM "schema_migrations" ORDER BY "schema_migrations"."version" ASC[0m
Processing by PagesController#index as HTML
  Rendering pages/index.html.erb within layouts/application
  Rendered pages/index.html.erb within layouts/application (Duration: 1.1ms | Allocations: 199)
[Webpacker] Everything's up-to-date. Nothing to do
[Webpacker] Everything's up-to-date. Nothing to do
Completed 200 OK in 52ms (Views: 37.7ms | ActiveRecord: 0.0ms | Allocations: 11267)


Started POST "/send_data" for ::1 at 2020-07-13 14:18:02 -0500
Processing by SendDataController#save as */*
  Parameters: {"name"=>"macbook pro", "upc"=>"1234567890", "availableOn"=>"11/4/2020", "properties"=>[{"name"=>"brand", "value"=>"apple"}, {"name"=>"color", "value"=>"space grey"}], "send_datum"=>{"name"=>"macbook pro", "upc"=>"1234567890", "availableOn"=>"11/4/2020", "properties"=>[{"name"=>"brand", "value"=>"apple"}, {"name"=>"color", "value"=>"space grey"}]}}
Can't verify CSRF token authenticity.
  [1m[35m (23.2ms)[0m  [1m[35mBEGIN[0m
  ↳ app/controllers/send_data_controller.rb:9:in `block in save'
  [1m[36mProduct Exists? (1.3ms)[0m  [1m[34mSELECT 1 AS one FROM "products" WHERE "products"."name" = $1 LIMIT $2[0m  [["name", "macbook pro"], ["LIMIT", 1]]
  ↳ app/controllers/send_data_controller.rb:9:in `block in save'
  [1m[36mProduct Exists? (0.5ms)[0m  [1m[34mSELECT 1 AS one FROM "products" WHERE "products"."upc" = $1 LIMIT $2[0m  [["upc", "1234567890"], ["LIMIT", 1]]
  ↳ app/controllers/send_data_controller.rb:9:in `block in save'
  [1m[36mProduct Create (23.5ms)[0m  [1m[32mINSERT INTO "products" ("name", "upc", "available_on", "created_at", "updated_at") VALUES ($1, $2, $3, $4, $5) RETURNING "id"[0m  [["name", "macbook pro"], ["upc", "1234567890"], ["available_on", "2020-04-11 00:00:00"], ["created_at", "2020-07-13 19:18:02.372136"], ["updated_at", "2020-07-13 19:18:02.372136"]]
  ↳ app/controllers/send_data_controller.rb:9:in `block in save'
  [1m[35m (0.4ms)[0m  [1m[31mROLLBACK[0m
  ↳ app/controllers/send_data_controller.rb:8:in `save'
Completed 500 Internal Server Error in 149ms (ActiveRecord: 83.0ms | Allocations: 16406)


  
ActiveModel::UnknownAttributeError (unknown attribute 'value' for Property.):
  
app/controllers/send_data_controller.rb:12:in `block in save'
app/controllers/send_data_controller.rb:8:in `save'
Started GET "/" for ::1 at 2020-07-13 14:33:31 -0500
Processing by PagesController#index as HTML
  Rendering pages/index.html.erb within layouts/application
  Rendered pages/index.html.erb within layouts/application (Duration: 0.1ms | Allocations: 4)
[Webpacker] Everything's up-to-date. Nothing to do
[Webpacker] Everything's up-to-date. Nothing to do
Completed 200 OK in 30ms (Views: 28.6ms | ActiveRecord: 0.0ms | Allocations: 6400)


Started POST "/send_data" for ::1 at 2020-07-13 14:33:58 -0500
Processing by SendDataController#save as */*
  Parameters: {"name"=>"macbook pro", "upc"=>"1234567890", "availableOn"=>"11/4/2020", "properties"=>[{"name"=>"brand", "value"=>"apple"}, {"name"=>"color", "value"=>"space grey"}], "send_datum"=>{"name"=>"macbook pro", "upc"=>"1234567890", "availableOn"=>"11/4/2020", "properties"=>[{"name"=>"brand", "value"=>"apple"}, {"name"=>"color", "value"=>"space grey"}]}}
Can't verify CSRF token authenticity.
  [1m[35m (0.3ms)[0m  [1m[35mBEGIN[0m
  ↳ app/controllers/send_data_controller.rb:9:in `block in save'
  [1m[36mProduct Exists? (11.3ms)[0m  [1m[34mSELECT 1 AS one FROM "products" WHERE "products"."name" = $1 LIMIT $2[0m  [["name", "macbook pro"], ["LIMIT", 1]]
  ↳ app/controllers/send_data_controller.rb:9:in `block in save'
  [1m[36mProduct Exists? (0.6ms)[0m  [1m[34mSELECT 1 AS one FROM "products" WHERE "products"."upc" = $1 LIMIT $2[0m  [["upc", "1234567890"], ["LIMIT", 1]]
  ↳ app/controllers/send_data_controller.rb:9:in `block in save'
  [1m[36mProduct Create (1.0ms)[0m  [1m[32mINSERT INTO "products" ("name", "upc", "available_on", "created_at", "updated_at") VALUES ($1, $2, $3, $4, $5) RETURNING "id"[0m  [["name", "macbook pro"], ["upc", "1234567890"], ["available_on", "2020-04-11 00:00:00"], ["created_at", "2020-07-13 19:33:58.935686"], ["updated_at", "2020-07-13 19:33:58.935686"]]
  ↳ app/controllers/send_data_controller.rb:9:in `block in save'
  [1m[36mProperty Exists? (0.9ms)[0m  [1m[34mSELECT 1 AS one FROM "properties" WHERE "properties"."name" IS NULL LIMIT $1[0m  [["LIMIT", 1]]
  ↳ app/controllers/send_data_controller.rb:12:in `block in save'
  [1m[35m (7.5ms)[0m  [1m[31mROLLBACK[0m
  ↳ app/controllers/send_data_controller.rb:8:in `save'
Completed 422 Unprocessable Entity in 82ms (ActiveRecord: 21.6ms | Allocations: 17413)


  
ActiveRecord::RecordInvalid (Validation failed: Name can't be blank):
  
app/controllers/send_data_controller.rb:12:in `block in save'
app/controllers/send_data_controller.rb:8:in `save'
Started GET "/" for ::1 at 2020-07-13 14:35:50 -0500
  [1m[35m (1.4ms)[0m  [1m[34mSELECT "schema_migrations"."version" FROM "schema_migrations" ORDER BY "schema_migrations"."version" ASC[0m
Processing by PagesController#index as HTML
  Rendering pages/index.html.erb within layouts/application
  Rendered pages/index.html.erb within layouts/application (Duration: 2.0ms | Allocations: 199)
[Webpacker] Everything's up-to-date. Nothing to do
[Webpacker] Everything's up-to-date. Nothing to do
Completed 200 OK in 62ms (Views: 48.1ms | ActiveRecord: 0.0ms | Allocations: 11273)


Started POST "/send_data" for ::1 at 2020-07-13 14:36:29 -0500
Processing by SendDataController#save as */*
  Parameters: {"name"=>"macbook pro", "upc"=>"1234567890", "availableOn"=>"11/4/2020", "properties"=>[{"name"=>"brand", "value"=>"apple"}, {"name"=>"color", "value"=>"space grey"}], "send_datum"=>{"name"=>"macbook pro", "upc"=>"1234567890", "availableOn"=>"11/4/2020", "properties"=>[{"name"=>"brand", "value"=>"apple"}, {"name"=>"color", "value"=>"space grey"}]}}
Can't verify CSRF token authenticity.
  [1m[35m (0.3ms)[0m  [1m[35mBEGIN[0m
  ↳ app/controllers/send_data_controller.rb:9:in `block in save'
  [1m[36mProduct Exists? (1.7ms)[0m  [1m[34mSELECT 1 AS one FROM "products" WHERE "products"."name" = $1 LIMIT $2[0m  [["name", "macbook pro"], ["LIMIT", 1]]
  ↳ app/controllers/send_data_controller.rb:9:in `block in save'
  [1m[36mProduct Exists? (3.5ms)[0m  [1m[34mSELECT 1 AS one FROM "products" WHERE "products"."upc" = $1 LIMIT $2[0m  [["upc", "1234567890"], ["LIMIT", 1]]
  ↳ app/controllers/send_data_controller.rb:9:in `block in save'
  [1m[36mProduct Create (0.9ms)[0m  [1m[32mINSERT INTO "products" ("name", "upc", "available_on", "created_at", "updated_at") VALUES ($1, $2, $3, $4, $5) RETURNING "id"[0m  [["name", "macbook pro"], ["upc", "1234567890"], ["available_on", "2020-04-11 00:00:00"], ["created_at", "2020-07-13 19:36:29.984830"], ["updated_at", "2020-07-13 19:36:29.984830"]]
  ↳ app/controllers/send_data_controller.rb:9:in `block in save'
  [1m[35m (0.4ms)[0m  [1m[31mROLLBACK[0m
  ↳ app/controllers/send_data_controller.rb:8:in `save'
Completed 500 Internal Server Error in 173ms (ActiveRecord: 38.6ms | Allocations: 16410)


  
ActiveModel::UnknownAttributeError (unknown attribute 'value' for Property.):
  
app/controllers/send_data_controller.rb:12:in `block in save'
app/controllers/send_data_controller.rb:8:in `save'
Started GET "/" for ::1 at 2020-07-13 14:45:09 -0500
  [1m[35m (1.6ms)[0m  [1m[34mSELECT "schema_migrations"."version" FROM "schema_migrations" ORDER BY "schema_migrations"."version" ASC[0m
Processing by PagesController#index as HTML
  Rendering pages/index.html.erb within layouts/application
  Rendered pages/index.html.erb within layouts/application (Duration: 0.8ms | Allocations: 199)
[Webpacker] Everything's up-to-date. Nothing to do
[Webpacker] Everything's up-to-date. Nothing to do
Completed 200 OK in 43ms (Views: 28.0ms | ActiveRecord: 0.0ms | Allocations: 11271)


Started POST "/send_data" for ::1 at 2020-07-13 14:45:37 -0500
Processing by SendDataController#save as */*
  Parameters: {"name"=>"macbook pro", "upc"=>"1234567890", "availableOn"=>"11/4/2020", "properties"=>[{"name"=>"brand", "value"=>"apple"}, {"name"=>"color", "value"=>"space grey"}], "send_datum"=>{"name"=>"macbook pro", "upc"=>"1234567890", "availableOn"=>"11/4/2020", "properties"=>[{"name"=>"brand", "value"=>"apple"}, {"name"=>"color", "value"=>"space grey"}]}}
Can't verify CSRF token authenticity.
  [1m[35m (7.7ms)[0m  [1m[35mBEGIN[0m
  ↳ app/controllers/send_data_controller.rb:9:in `block in save'
  [1m[36mProduct Exists? (1.1ms)[0m  [1m[34mSELECT 1 AS one FROM "products" WHERE "products"."name" = $1 LIMIT $2[0m  [["name", "macbook pro"], ["LIMIT", 1]]
  ↳ app/controllers/send_data_controller.rb:9:in `block in save'
  [1m[36mProduct Exists? (0.5ms)[0m  [1m[34mSELECT 1 AS one FROM "products" WHERE "products"."upc" = $1 LIMIT $2[0m  [["upc", "1234567890"], ["LIMIT", 1]]
  ↳ app/controllers/send_data_controller.rb:9:in `block in save'
  [1m[36mProduct Create (0.9ms)[0m  [1m[32mINSERT INTO "products" ("name", "upc", "available_on", "created_at", "updated_at") VALUES ($1, $2, $3, $4, $5) RETURNING "id"[0m  [["name", "macbook pro"], ["upc", "1234567890"], ["available_on", "2020-04-11 00:00:00"], ["created_at", "2020-07-13 19:45:37.529661"], ["updated_at", "2020-07-13 19:45:37.529661"]]
  ↳ app/controllers/send_data_controller.rb:9:in `block in save'
  [1m[35m (0.3ms)[0m  [1m[31mROLLBACK[0m
  ↳ app/controllers/send_data_controller.rb:8:in `save'
Completed 500 Internal Server Error in 51ms (ActiveRecord: 18.1ms | Allocations: 13716)


  
ArgumentError (No association found for name `product_property'. Has it been defined yet?):
  
app/models/property.rb:5:in `<class:Property>'
app/models/property.rb:1:in `<main>'
app/controllers/send_data_controller.rb:12:in `block in save'
app/controllers/send_data_controller.rb:8:in `save'
Started GET "/" for ::1 at 2020-07-13 14:50:03 -0500
  [1m[35m (1.4ms)[0m  [1m[34mSELECT "schema_migrations"."version" FROM "schema_migrations" ORDER BY "schema_migrations"."version" ASC[0m
Processing by PagesController#index as HTML
  Rendering pages/index.html.erb within layouts/application
  Rendered pages/index.html.erb within layouts/application (Duration: 2.1ms | Allocations: 199)
[Webpacker] Everything's up-to-date. Nothing to do
[Webpacker] Everything's up-to-date. Nothing to do
Completed 200 OK in 65ms (Views: 50.8ms | ActiveRecord: 0.0ms | Allocations: 11272)


Started POST "/send_data" for ::1 at 2020-07-13 14:50:40 -0500
Processing by SendDataController#save as */*
  Parameters: {"name"=>"macbook pro", "upc"=>"1234567890", "availableOn"=>"11/4/2020", "properties"=>[{"name"=>"brand ", "value"=>"apple"}, {"name"=>"color", "value"=>"space grey "}], "send_datum"=>{"name"=>"macbook pro", "upc"=>"1234567890", "availableOn"=>"11/4/2020", "properties"=>[{"name"=>"brand ", "value"=>"apple"}, {"name"=>"color", "value"=>"space grey "}]}}
Can't verify CSRF token authenticity.
  [1m[35m (0.3ms)[0m  [1m[35mBEGIN[0m
  ↳ app/controllers/send_data_controller.rb:9:in `block in save'
  [1m[36mProduct Exists? (1.7ms)[0m  [1m[34mSELECT 1 AS one FROM "products" WHERE "products"."name" = $1 LIMIT $2[0m  [["name", "macbook pro"], ["LIMIT", 1]]
  ↳ app/controllers/send_data_controller.rb:9:in `block in save'
  [1m[36mProduct Exists? (7.2ms)[0m  [1m[34mSELECT 1 AS one FROM "products" WHERE "products"."upc" = $1 LIMIT $2[0m  [["upc", "1234567890"], ["LIMIT", 1]]
  ↳ app/controllers/send_data_controller.rb:9:in `block in save'
  [1m[36mProduct Create (0.9ms)[0m  [1m[32mINSERT INTO "products" ("name", "upc", "available_on", "created_at", "updated_at") VALUES ($1, $2, $3, $4, $5) RETURNING "id"[0m  [["name", "macbook pro"], ["upc", "1234567890"], ["available_on", "2020-04-11 00:00:00"], ["created_at", "2020-07-13 19:50:40.112127"], ["updated_at", "2020-07-13 19:50:40.112127"]]
  ↳ app/controllers/send_data_controller.rb:9:in `block in save'
  [1m[35m (0.4ms)[0m  [1m[31mROLLBACK[0m
  ↳ app/controllers/send_data_controller.rb:8:in `save'
Completed 500 Internal Server Error in 79ms (ActiveRecord: 22.6ms | Allocations: 16449)


  
ActiveModel::UnknownAttributeError (unknown attribute 'value' for Property.):
  
app/controllers/send_data_controller.rb:12:in `block in save'
app/controllers/send_data_controller.rb:8:in `save'
Started GET "/" for 127.0.0.1 at 2020-07-13 15:07:10 -0500
  [1m[35m (1.5ms)[0m  [1m[34mSELECT "schema_migrations"."version" FROM "schema_migrations" ORDER BY "schema_migrations"."version" ASC[0m
Processing by PagesController#index as HTML
  Rendering pages/index.html.erb within layouts/application
  Rendered pages/index.html.erb within layouts/application (Duration: 1.9ms | Allocations: 199)
[Webpacker] Everything's up-to-date. Nothing to do
[Webpacker] Everything's up-to-date. Nothing to do
Completed 200 OK in 61ms (Views: 46.6ms | ActiveRecord: 0.0ms | Allocations: 11269)


Started POST "/send_data" for 127.0.0.1 at 2020-07-13 15:07:35 -0500
Processing by SendDataController#save as */*
  Parameters: {"name"=>"macbook pro", "upc"=>"1234567890", "availableOn"=>"11/4/2020", "properties"=>[{"name"=>"brand ", "value"=>"apple"}, {"name"=>"color", "value"=>"space grey"}], "send_datum"=>{"name"=>"macbook pro", "upc"=>"1234567890", "availableOn"=>"11/4/2020", "properties"=>[{"name"=>"brand ", "value"=>"apple"}, {"name"=>"color", "value"=>"space grey"}]}}
Can't verify CSRF token authenticity.
  [1m[35m (0.3ms)[0m  [1m[35mBEGIN[0m
  ↳ app/controllers/send_data_controller.rb:9:in `block in save'
  [1m[36mProduct Exists? (1.2ms)[0m  [1m[34mSELECT 1 AS one FROM "products" WHERE "products"."name" = $1 LIMIT $2[0m  [["name", "macbook pro"], ["LIMIT", 1]]
  ↳ app/controllers/send_data_controller.rb:9:in `block in save'
  [1m[36mProduct Exists? (0.6ms)[0m  [1m[34mSELECT 1 AS one FROM "products" WHERE "products"."upc" = $1 LIMIT $2[0m  [["upc", "1234567890"], ["LIMIT", 1]]
  ↳ app/controllers/send_data_controller.rb:9:in `block in save'
  [1m[36mProduct Create (0.9ms)[0m  [1m[32mINSERT INTO "products" ("name", "upc", "available_on", "created_at", "updated_at") VALUES ($1, $2, $3, $4, $5) RETURNING "id"[0m  [["name", "macbook pro"], ["upc", "1234567890"], ["available_on", "2020-04-11 00:00:00"], ["created_at", "2020-07-13 20:07:35.810021"], ["updated_at", "2020-07-13 20:07:35.810021"]]
  ↳ app/controllers/send_data_controller.rb:9:in `block in save'
  [1m[35m (0.4ms)[0m  [1m[31mROLLBACK[0m
  ↳ app/controllers/send_data_controller.rb:8:in `save'
Completed 500 Internal Server Error in 58ms (ActiveRecord: 10.7ms | Allocations: 13703)


  
TypeError (no implicit conversion of Symbol into Integer):
  
app/controllers/send_data_controller.rb:24:in `[]'
app/controllers/send_data_controller.rb:24:in `block in property_params'
app/controllers/send_data_controller.rb:22:in `map'
app/controllers/send_data_controller.rb:22:in `property_params'
app/controllers/send_data_controller.rb:12:in `block in save'
app/controllers/send_data_controller.rb:8:in `save'
Started GET "/" for 127.0.0.1 at 2020-07-13 15:08:01 -0500
Processing by PagesController#index as HTML
  Rendering pages/index.html.erb within layouts/application
  Rendered pages/index.html.erb within layouts/application (Duration: 0.1ms | Allocations: 4)
[Webpacker] Everything's up-to-date. Nothing to do
[Webpacker] Everything's up-to-date. Nothing to do
Completed 200 OK in 20ms (Views: 19.1ms | ActiveRecord: 0.0ms | Allocations: 6450)


Started POST "/send_data" for 127.0.0.1 at 2020-07-13 15:08:21 -0500
Processing by SendDataController#save as */*
  Parameters: {"name"=>"macbook pro", "upc"=>"1234567890", "availableOn"=>"11/4/2020", "properties"=>[{"name"=>"brand ", "value"=>"apple"}, {"name"=>"color", "value"=>"space grey"}], "send_datum"=>{"name"=>"macbook pro", "upc"=>"1234567890", "availableOn"=>"11/4/2020", "properties"=>[{"name"=>"brand ", "value"=>"apple"}, {"name"=>"color", "value"=>"space grey"}]}}
Can't verify CSRF token authenticity.
  [1m[35m (0.3ms)[0m  [1m[35mBEGIN[0m
  ↳ app/controllers/send_data_controller.rb:9:in `block in save'
  [1m[36mProduct Exists? (0.6ms)[0m  [1m[34mSELECT 1 AS one FROM "products" WHERE "products"."name" = $1 LIMIT $2[0m  [["name", "macbook pro"], ["LIMIT", 1]]
  ↳ app/controllers/send_data_controller.rb:9:in `block in save'
  [1m[36mProduct Exists? (0.5ms)[0m  [1m[34mSELECT 1 AS one FROM "products" WHERE "products"."upc" = $1 LIMIT $2[0m  [["upc", "1234567890"], ["LIMIT", 1]]
  ↳ app/controllers/send_data_controller.rb:9:in `block in save'
  [1m[36mProduct Create (0.6ms)[0m  [1m[32mINSERT INTO "products" ("name", "upc", "available_on", "created_at", "updated_at") VALUES ($1, $2, $3, $4, $5) RETURNING "id"[0m  [["name", "macbook pro"], ["upc", "1234567890"], ["available_on", "2020-04-11 00:00:00"], ["created_at", "2020-07-13 20:08:21.323466"], ["updated_at", "2020-07-13 20:08:21.323466"]]
  ↳ app/controllers/send_data_controller.rb:9:in `block in save'
  [1m[35m (0.4ms)[0m  [1m[31mROLLBACK[0m
  ↳ app/controllers/send_data_controller.rb:8:in `save'
Completed 500 Internal Server Error in 45ms (ActiveRecord: 17.4ms | Allocations: 12467)


  
ArgumentError (wrong number of arguments (given 2, expected 1)):
  
app/controllers/send_data_controller.rb:25:in `block in property_params'
app/controllers/send_data_controller.rb:22:in `map'
app/controllers/send_data_controller.rb:22:in `property_params'
app/controllers/send_data_controller.rb:12:in `block in save'
app/controllers/send_data_controller.rb:8:in `save'
Started GET "/" for ::1 at 2020-07-13 15:16:44 -0500
  [1m[35m (2.0ms)[0m  [1m[34mSELECT "schema_migrations"."version" FROM "schema_migrations" ORDER BY "schema_migrations"."version" ASC[0m
Processing by PagesController#index as HTML
  Rendering pages/index.html.erb within layouts/application
  Rendered pages/index.html.erb within layouts/application (Duration: 1.9ms | Allocations: 199)
[Webpacker] Everything's up-to-date. Nothing to do
[Webpacker] Everything's up-to-date. Nothing to do
Completed 200 OK in 61ms (Views: 47.4ms | ActiveRecord: 0.0ms | Allocations: 11268)


Started POST "/send_data" for ::1 at 2020-07-13 15:17:10 -0500
Processing by SendDataController#save as */*
  Parameters: {"name"=>"macbook pro", "upc"=>"1234567890", "availableOn"=>"11/4/2020", "properties"=>[{"name"=>"brand ", "value"=>"apple"}, {"name"=>"color", "value"=>"space grey"}], "send_datum"=>{"name"=>"macbook pro", "upc"=>"1234567890", "availableOn"=>"11/4/2020", "properties"=>[{"name"=>"brand ", "value"=>"apple"}, {"name"=>"color", "value"=>"space grey"}]}}
Can't verify CSRF token authenticity.
  [1m[35m (0.3ms)[0m  [1m[35mBEGIN[0m
  ↳ app/controllers/send_data_controller.rb:9:in `block in save'
  [1m[36mProduct Exists? (1.1ms)[0m  [1m[34mSELECT 1 AS one FROM "products" WHERE "products"."name" = $1 LIMIT $2[0m  [["name", "macbook pro"], ["LIMIT", 1]]
  ↳ app/controllers/send_data_controller.rb:9:in `block in save'
  [1m[36mProduct Exists? (0.5ms)[0m  [1m[34mSELECT 1 AS one FROM "products" WHERE "products"."upc" = $1 LIMIT $2[0m  [["upc", "1234567890"], ["LIMIT", 1]]
  ↳ app/controllers/send_data_controller.rb:9:in `block in save'
  [1m[36mProduct Create (1.7ms)[0m  [1m[32mINSERT INTO "products" ("name", "upc", "available_on", "created_at", "updated_at") VALUES ($1, $2, $3, $4, $5) RETURNING "id"[0m  [["name", "macbook pro"], ["upc", "1234567890"], ["available_on", "2020-04-11 00:00:00"], ["created_at", "2020-07-13 20:17:10.259811"], ["updated_at", "2020-07-13 20:17:10.259811"]]
  ↳ app/controllers/send_data_controller.rb:9:in `block in save'
  [1m[35m (0.4ms)[0m  [1m[31mROLLBACK[0m
  ↳ app/controllers/send_data_controller.rb:8:in `save'
Completed 500 Internal Server Error in 66ms (ActiveRecord: 11.9ms | Allocations: 14587)


  
NoMethodError (undefined method `permit' for #<Array:0x00007fd8c7274fc8>):
  
app/controllers/send_data_controller.rb:21:in `property_params'
app/controllers/send_data_controller.rb:12:in `block in save'
app/controllers/send_data_controller.rb:8:in `save'
Started GET "/" for ::1 at 2020-07-13 15:19:17 -0500
  [1m[35m (1.3ms)[0m  [1m[34mSELECT "schema_migrations"."version" FROM "schema_migrations" ORDER BY "schema_migrations"."version" ASC[0m
Processing by PagesController#index as HTML
  Rendering pages/index.html.erb within layouts/application
  Rendered pages/index.html.erb within layouts/application (Duration: 1.7ms | Allocations: 199)
[Webpacker] Everything's up-to-date. Nothing to do
[Webpacker] Everything's up-to-date. Nothing to do
Completed 200 OK in 68ms (Views: 52.2ms | ActiveRecord: 0.0ms | Allocations: 11270)


Started POST "/send_data" for ::1 at 2020-07-13 15:19:50 -0500
  
SyntaxError (/Users/phil/Desktop/rails_react/app/controllers/send_data_controller.rb:25: syntax error, unexpected '}', expecting =>
...s: [{value: hash['value'], :id}]
...                              ^):
  
app/controllers/send_data_controller.rb:25: syntax error, unexpected '}', expecting =>
app/controllers/send_data_controller.rb:25: syntax error, unexpected '}', expecting =>
app/controllers/send_data_controller.rb:25: syntax error, unexpected '}', expecting =>
Started GET "/" for ::1 at 2020-07-13 15:21:39 -0500
  [1m[35m (1.4ms)[0m  [1m[34mSELECT "schema_migrations"."version" FROM "schema_migrations" ORDER BY "schema_migrations"."version" ASC[0m
Processing by PagesController#index as HTML
  Rendering pages/index.html.erb within layouts/application
  Rendered pages/index.html.erb within layouts/application (Duration: 1.6ms | Allocations: 199)
[Webpacker] Everything's up-to-date. Nothing to do
[Webpacker] Everything's up-to-date. Nothing to do
Completed 200 OK in 47ms (Views: 33.9ms | ActiveRecord: 0.0ms | Allocations: 11265)


Started POST "/send_data" for ::1 at 2020-07-13 15:22:20 -0500
Processing by SendDataController#save as */*
  Parameters: {"name"=>"macbook pro", "upc"=>"1234567890", "availableOn"=>"11/4/2020", "properties"=>[{"name"=>"brand", "value"=>"apple"}, {"name"=>"color", "value"=>"space grey"}, {"name"=>"ram", "value"=>"16gb"}], "send_datum"=>{"name"=>"macbook pro", "upc"=>"1234567890", "availableOn"=>"11/4/2020", "properties"=>[{"name"=>"brand", "value"=>"apple"}, {"name"=>"color", "value"=>"space grey"}, {"name"=>"ram", "value"=>"16gb"}]}}
Can't verify CSRF token authenticity.
  [1m[35m (17.5ms)[0m  [1m[35mBEGIN[0m
  ↳ app/controllers/send_data_controller.rb:9:in `block in save'
  [1m[36mProduct Exists? (1.1ms)[0m  [1m[34mSELECT 1 AS one FROM "products" WHERE "products"."name" = $1 LIMIT $2[0m  [["name", "macbook pro"], ["LIMIT", 1]]
  ↳ app/controllers/send_data_controller.rb:9:in `block in save'
  [1m[36mProduct Exists? (0.5ms)[0m  [1m[34mSELECT 1 AS one FROM "products" WHERE "products"."upc" = $1 LIMIT $2[0m  [["upc", "1234567890"], ["LIMIT", 1]]
  ↳ app/controllers/send_data_controller.rb:9:in `block in save'
  [1m[36mProduct Create (0.9ms)[0m  [1m[32mINSERT INTO "products" ("name", "upc", "available_on", "created_at", "updated_at") VALUES ($1, $2, $3, $4, $5) RETURNING "id"[0m  [["name", "macbook pro"], ["upc", "1234567890"], ["available_on", "2020-04-11 00:00:00"], ["created_at", "2020-07-13 20:22:20.850893"], ["updated_at", "2020-07-13 20:22:20.850893"]]
  ↳ app/controllers/send_data_controller.rb:9:in `block in save'
  [1m[35m (0.4ms)[0m  [1m[31mROLLBACK[0m
  ↳ app/controllers/send_data_controller.rb:8:in `save'
Completed 500 Internal Server Error in 254ms (ActiveRecord: 68.0ms | Allocations: 22419)


  
ActiveModel::UnknownAttributeError (unknown attribute 'property_id' for ProductProperty.):
  
app/controllers/send_data_controller.rb:12:in `block in save'
app/controllers/send_data_controller.rb:8:in `save'
Started GET "/" for ::1 at 2020-07-13 15:24:06 -0500
  [1m[35m (1.3ms)[0m  [1m[34mSELECT "schema_migrations"."version" FROM "schema_migrations" ORDER BY "schema_migrations"."version" ASC[0m
Processing by PagesController#index as HTML
  Rendering pages/index.html.erb within layouts/application
  Rendered pages/index.html.erb within layouts/application (Duration: 0.8ms | Allocations: 199)
[Webpacker] Everything's up-to-date. Nothing to do
[Webpacker] Everything's up-to-date. Nothing to do
Completed 200 OK in 40ms (Views: 28.2ms | ActiveRecord: 0.0ms | Allocations: 11270)


Started POST "/send_data" for ::1 at 2020-07-13 15:24:33 -0500
Processing by SendDataController#save as */*
  Parameters: {"name"=>"macbook pro", "upc"=>"1234567890", "availableOn"=>"11/4/2020", "properties"=>[{"name"=>"brand ", "value"=>"apple"}, {"name"=>"color", "value"=>"space grey"}], "send_datum"=>{"name"=>"macbook pro", "upc"=>"1234567890", "availableOn"=>"11/4/2020", "properties"=>[{"name"=>"brand ", "value"=>"apple"}, {"name"=>"color", "value"=>"space grey"}]}}
Can't verify CSRF token authenticity.
  [1m[35m (0.3ms)[0m  [1m[35mBEGIN[0m
  ↳ app/controllers/send_data_controller.rb:9:in `block in save'
  [1m[36mProduct Exists? (0.8ms)[0m  [1m[34mSELECT 1 AS one FROM "products" WHERE "products"."name" = $1 LIMIT $2[0m  [["name", "macbook pro"], ["LIMIT", 1]]
  ↳ app/controllers/send_data_controller.rb:9:in `block in save'
  [1m[36mProduct Exists? (0.5ms)[0m  [1m[34mSELECT 1 AS one FROM "products" WHERE "products"."upc" = $1 LIMIT $2[0m  [["upc", "1234567890"], ["LIMIT", 1]]
  ↳ app/controllers/send_data_controller.rb:9:in `block in save'
  [1m[36mProduct Create (0.9ms)[0m  [1m[32mINSERT INTO "products" ("name", "upc", "available_on", "created_at", "updated_at") VALUES ($1, $2, $3, $4, $5) RETURNING "id"[0m  [["name", "macbook pro"], ["upc", "1234567890"], ["available_on", "2020-04-11 00:00:00"], ["created_at", "2020-07-13 20:24:33.249292"], ["updated_at", "2020-07-13 20:24:33.249292"]]
  ↳ app/controllers/send_data_controller.rb:9:in `block in save'
  [1m[35m (0.4ms)[0m  [1m[31mROLLBACK[0m
  ↳ app/controllers/send_data_controller.rb:8:in `save'
Completed 500 Internal Server Error in 106ms (ActiveRecord: 40.5ms | Allocations: 22407)


  
ActiveModel::UnknownAttributeError (unknown attribute 'property_id' for ProductProperty.):
  
app/controllers/send_data_controller.rb:12:in `block in save'
app/controllers/send_data_controller.rb:8:in `save'
Started GET "/" for ::1 at 2020-07-13 15:28:25 -0500
  [1m[35m (1.4ms)[0m  [1m[34mSELECT "schema_migrations"."version" FROM "schema_migrations" ORDER BY "schema_migrations"."version" ASC[0m
Processing by PagesController#index as HTML
  Rendering pages/index.html.erb within layouts/application
  Rendered pages/index.html.erb within layouts/application (Duration: 1.7ms | Allocations: 199)
[Webpacker] Everything's up-to-date. Nothing to do
[Webpacker] Everything's up-to-date. Nothing to do
Completed 200 OK in 64ms (Views: 49.8ms | ActiveRecord: 0.0ms | Allocations: 11273)


Started POST "/send_data" for ::1 at 2020-07-13 15:28:50 -0500
  
SyntaxError (/Users/phil/Desktop/rails_react/app/controllers/send_data_controller.rb:25: syntax error, unexpected ']', expecting =>
...ibutes: [value: ['value'], :id]
...                              ^):
  
app/controllers/send_data_controller.rb:25: syntax error, unexpected ']', expecting =>
app/controllers/send_data_controller.rb:25: syntax error, unexpected ']', expecting =>
app/controllers/send_data_controller.rb:25: syntax error, unexpected ']', expecting =>
Started GET "/" for ::1 at 2020-07-13 15:45:50 -0500
Processing by PagesController#index as HTML
  Rendering pages/index.html.erb within layouts/application
  Rendered pages/index.html.erb within layouts/application (Duration: 0.3ms | Allocations: 5)
[Webpacker] Compiling...
[Webpacker] Compiled all packs in /Users/phil/Desktop/rails_react/public/packs
[Webpacker] Hash: 389b40882c4cc1c1e153
Version: webpack 4.43.0
Time: 8557ms
Built at: 07/13/2020 3:46:03 PM
                                     Asset       Size       Chunks                         Chunk Names
          js/Index-61572ed4d812bc0ad9ac.js   2.59 MiB        Index  [emitted] [immutable]  Index
      js/Index-61572ed4d812bc0ad9ac.js.map   2.85 MiB        Index  [emitted] [dev]        Index
    js/application-9afcbb5693aa87623e69.js    124 KiB  application  [emitted] [immutable]  application
js/application-9afcbb5693aa87623e69.js.map    139 KiB  application  [emitted] [dev]        application
                             manifest.json  661 bytes               [emitted]              
Entrypoint application = js/application-9afcbb5693aa87623e69.js js/application-9afcbb5693aa87623e69.js.map
Entrypoint Index = js/Index-61572ed4d812bc0ad9ac.js js/Index-61572ed4d812bc0ad9ac.js.map
[./app/javascript/channels sync recursive _channel\.js$] ./app/javascript/channels sync _channel\.js$ 160 bytes {application} [built]
[./app/javascript/channels/index.js] 211 bytes {application} [built]
[./app/javascript/packs/Index.jsx] 876 bytes {Index} [built]
[./app/javascript/packs/application.js] 749 bytes {application} [built]
[./app/javascript/routes/Index.jsx] 981 bytes {Index} [built]
[./node_modules/webpack/buildin/global.js] (webpack)/buildin/global.js 905 bytes {Index} [built]
[./node_modules/webpack/buildin/module.js] (webpack)/buildin/module.js 552 bytes {application} {Index} [built]
    + 48 hidden modules

[Webpacker] Everything's up-to-date. Nothing to do
Completed 200 OK in 12526ms (Views: 12523.8ms | ActiveRecord: 0.0ms | Allocations: 7705)


Started POST "/send_data" for ::1 at 2020-07-13 15:46:41 -0500
Processing by SendDataController#save as */*
  Parameters: {"name"=>"macbook pro", "upc"=>"1234567890", "availableOn"=>"11/4/2020", "properties"=>[{"name"=>"brand ", "value"=>"apple"}, {"name"=>"color", "value"=>"space grey"}], "send_datum"=>{"name"=>"macbook pro", "upc"=>"1234567890", "availableOn"=>"11/4/2020", "properties"=>[{"name"=>"brand ", "value"=>"apple"}, {"name"=>"color", "value"=>"space grey"}]}}
Can't verify CSRF token authenticity.
  [1m[35m (20.1ms)[0m  [1m[35mBEGIN[0m
  ↳ app/controllers/send_data_controller.rb:9:in `block in save'
  [1m[36mProduct Exists? (1.4ms)[0m  [1m[34mSELECT 1 AS one FROM "products" WHERE "products"."name" = $1 LIMIT $2[0m  [["name", "macbook pro"], ["LIMIT", 1]]
  ↳ app/controllers/send_data_controller.rb:9:in `block in save'
  [1m[36mProduct Exists? (0.5ms)[0m  [1m[34mSELECT 1 AS one FROM "products" WHERE "products"."upc" = $1 LIMIT $2[0m  [["upc", "1234567890"], ["LIMIT", 1]]
  ↳ app/controllers/send_data_controller.rb:9:in `block in save'
  [1m[36mProduct Create (1.6ms)[0m  [1m[32mINSERT INTO "products" ("name", "upc", "available_on", "created_at", "updated_at") VALUES ($1, $2, $3, $4, $5) RETURNING "id"[0m  [["name", "macbook pro"], ["upc", "1234567890"], ["available_on", "2020-04-11 00:00:00"], ["created_at", "2020-07-13 20:46:41.782560"], ["updated_at", "2020-07-13 20:46:41.782560"]]
  ↳ app/controllers/send_data_controller.rb:9:in `block in save'
  [1m[35m (0.4ms)[0m  [1m[31mROLLBACK[0m
  ↳ app/controllers/send_data_controller.rb:8:in `save'
Completed 500 Internal Server Error in 132ms (ActiveRecord: 55.0ms | Allocations: 22424)


  
ActiveModel::UnknownAttributeError (unknown attribute 'property_id' for ProductProperty.):
  
app/controllers/send_data_controller.rb:12:in `block in save'
app/controllers/send_data_controller.rb:8:in `save'
  [1m[35m (2.2ms)[0m  [1m[34mSELECT pg_try_advisory_lock(1910206048743585600)[0m
  [1m[35m (2.1ms)[0m  [1m[34mSELECT "schema_migrations"."version" FROM "schema_migrations" ORDER BY "schema_migrations"."version" ASC[0m
  [1m[36mActiveRecord::InternalMetadata Load (3.8ms)[0m  [1m[34mSELECT "ar_internal_metadata".* FROM "ar_internal_metadata" WHERE "ar_internal_metadata"."key" = $1 LIMIT $2[0m  [["key", "environment"], ["LIMIT", 1]]
  [1m[35m (0.4ms)[0m  [1m[34mSELECT pg_advisory_unlock(1910206048743585600)[0m
  [1m[35m (1.7ms)[0m  [1m[34mSELECT "schema_migrations"."version" FROM "schema_migrations" ORDER BY "schema_migrations"."version" ASC[0m
  [1m[35m (0.4ms)[0m  [1m[34mSELECT pg_try_advisory_lock(1910206048743585600)[0m
  [1m[35m (1.2ms)[0m  [1m[34mSELECT "schema_migrations"."version" FROM "schema_migrations" ORDER BY "schema_migrations"."version" ASC[0m
  [1m[36mActiveRecord::InternalMetadata Load (0.7ms)[0m  [1m[34mSELECT "ar_internal_metadata".* FROM "ar_internal_metadata" WHERE "ar_internal_metadata"."key" = $1 LIMIT $2[0m  [["key", "environment"], ["LIMIT", 1]]
  [1m[35m (0.4ms)[0m  [1m[34mSELECT pg_advisory_unlock(1910206048743585600)[0m
  [1m[35m (1.3ms)[0m  [1m[34mSELECT "schema_migrations"."version" FROM "schema_migrations" ORDER BY "schema_migrations"."version" ASC[0m
Started GET "/" for ::1 at 2020-07-13 15:49:22 -0500
  [1m[35m (1.3ms)[0m  [1m[34mSELECT "schema_migrations"."version" FROM "schema_migrations" ORDER BY "schema_migrations"."version" ASC[0m
Processing by PagesController#index as HTML
  Rendering pages/index.html.erb within layouts/application
  Rendered pages/index.html.erb within layouts/application (Duration: 2.0ms | Allocations: 199)
[Webpacker] Everything's up-to-date. Nothing to do
[Webpacker] Everything's up-to-date. Nothing to do
Completed 200 OK in 60ms (Views: 45.2ms | ActiveRecord: 0.0ms | Allocations: 11270)


Started POST "/send_data" for ::1 at 2020-07-13 15:49:50 -0500
Processing by SendDataController#save as */*
  Parameters: {"name"=>"macbook pro", "upc"=>"1234567890", "availableOn"=>"11/4/2020", "properties"=>[{"name"=>"brand", "value"=>"apple"}, {"name"=>"color", "value"=>"space grey "}], "send_datum"=>{"name"=>"macbook pro", "upc"=>"1234567890", "availableOn"=>"11/4/2020", "properties"=>[{"name"=>"brand", "value"=>"apple"}, {"name"=>"color", "value"=>"space grey "}]}}
Can't verify CSRF token authenticity.
  [1m[35m (8.9ms)[0m  [1m[35mBEGIN[0m
  ↳ app/controllers/send_data_controller.rb:9:in `block in save'
  [1m[36mProduct Exists? (1.2ms)[0m  [1m[34mSELECT 1 AS one FROM "products" WHERE "products"."name" = $1 LIMIT $2[0m  [["name", "macbook pro"], ["LIMIT", 1]]
  ↳ app/controllers/send_data_controller.rb:9:in `block in save'
  [1m[36mProduct Exists? (0.7ms)[0m  [1m[34mSELECT 1 AS one FROM "products" WHERE "products"."upc" = $1 LIMIT $2[0m  [["upc", "1234567890"], ["LIMIT", 1]]
  ↳ app/controllers/send_data_controller.rb:9:in `block in save'
  [1m[36mProduct Create (1.0ms)[0m  [1m[32mINSERT INTO "products" ("name", "upc", "available_on", "created_at", "updated_at") VALUES ($1, $2, $3, $4, $5) RETURNING "id"[0m  [["name", "macbook pro"], ["upc", "1234567890"], ["available_on", "2020-04-11 00:00:00"], ["created_at", "2020-07-13 20:49:50.084447"], ["updated_at", "2020-07-13 20:49:50.084447"]]
  ↳ app/controllers/send_data_controller.rb:9:in `block in save'
  [1m[35m (0.4ms)[0m  [1m[31mROLLBACK[0m
  ↳ app/controllers/send_data_controller.rb:8:in `save'
Completed 500 Internal Server Error in 94ms (ActiveRecord: 26.7ms | Allocations: 17981)


  
ArgumentError (You need to supply at least one validation):
  
app/models/product_property.rb:3:in `<class:ProductProperty>'
app/models/product_property.rb:1:in `<main>'
app/controllers/send_data_controller.rb:12:in `block in save'
app/controllers/send_data_controller.rb:8:in `save'
Started GET "/" for ::1 at 2020-07-13 16:02:48 -0500
Processing by PagesController#index as HTML
  Rendering pages/index.html.erb within layouts/application
  Rendered pages/index.html.erb within layouts/application (Duration: 0.2ms | Allocations: 4)
[Webpacker] Everything's up-to-date. Nothing to do
[Webpacker] Everything's up-to-date. Nothing to do
Completed 200 OK in 99ms (Views: 92.9ms | ActiveRecord: 0.0ms | Allocations: 6407)


Started POST "/send_data" for ::1 at 2020-07-13 16:03:12 -0500
Processing by SendDataController#save as */*
  Parameters: {"name"=>"macbook pro", "upc"=>"1234567890", "availableOn"=>"11/4/2020", "properties"=>[{"name"=>"brand ", "value"=>"apple"}, {"name"=>"color", "value"=>"space grey"}], "send_datum"=>{"name"=>"macbook pro", "upc"=>"1234567890", "availableOn"=>"11/4/2020", "properties"=>[{"name"=>"brand ", "value"=>"apple"}, {"name"=>"color", "value"=>"space grey"}]}}
Can't verify CSRF token authenticity.
  [1m[35m (0.3ms)[0m  [1m[35mBEGIN[0m
  ↳ app/controllers/send_data_controller.rb:9:in `block in save'
  [1m[36mProduct Exists? (1.9ms)[0m  [1m[34mSELECT 1 AS one FROM "products" WHERE "products"."name" = $1 LIMIT $2[0m  [["name", "macbook pro"], ["LIMIT", 1]]
  ↳ app/controllers/send_data_controller.rb:9:in `block in save'
  [1m[36mProduct Exists? (0.5ms)[0m  [1m[34mSELECT 1 AS one FROM "products" WHERE "products"."upc" = $1 LIMIT $2[0m  [["upc", "1234567890"], ["LIMIT", 1]]
  ↳ app/controllers/send_data_controller.rb:9:in `block in save'
  [1m[36mProduct Create (1.2ms)[0m  [1m[32mINSERT INTO "products" ("name", "upc", "available_on", "created_at", "updated_at") VALUES ($1, $2, $3, $4, $5) RETURNING "id"[0m  [["name", "macbook pro"], ["upc", "1234567890"], ["available_on", "2020-04-11 00:00:00"], ["created_at", "2020-07-13 21:03:12.980426"], ["updated_at", "2020-07-13 21:03:12.980426"]]
  ↳ app/controllers/send_data_controller.rb:9:in `block in save'
  [1m[35m (0.4ms)[0m  [1m[31mROLLBACK[0m
  ↳ app/controllers/send_data_controller.rb:8:in `save'
Completed 500 Internal Server Error in 119ms (ActiveRecord: 14.8ms | Allocations: 19822)


  
ActiveModel::UnknownAttributeError (unknown attribute 'property_id' for ProductProperty.):
  
app/controllers/send_data_controller.rb:12:in `block in save'
app/controllers/send_data_controller.rb:8:in `save'
